{"/Users/elias/Documents/GitHub/red-tetris/red_tetris_boilerplate/src/client/components/Board.js":{"path":"/Users/elias/Documents/GitHub/red-tetris/red_tetris_boilerplate/src/client/components/Board.js","statementMap":{"0":{"start":{"line":3,"column":0},"end":{"line":5,"column":3}},"1":{"start":{"line":6,"column":0},"end":{"line":6,"column":44}},"2":{"start":{"line":7,"column":0},"end":{"line":7,"column":27}},"3":{"start":{"line":8,"column":13},"end":{"line":8,"column":53}},"4":{"start":{"line":9,"column":0},"end":{"line":9,"column":23}},"5":{"start":{"line":10,"column":18},"end":{"line":10,"column":48}},"6":{"start":{"line":11,"column":37},"end":{"line":11,"column":85}},"7":{"start":{"line":12,"column":11},"end":{"line":12,"column":13}},"8":{"start":{"line":13,"column":11},"end":{"line":13,"column":13}},"9":{"start":{"line":16,"column":17},"end":{"line":20,"column":2}},"10":{"start":{"line":19,"column":2},"end":{"line":19,"column":29}},"11":{"start":{"line":22,"column":19},"end":{"line":22,"column":29}},"12":{"start":{"line":23,"column":12},"end":{"line":23,"column":59}},"13":{"start":{"line":24,"column":2},"end":{"line":33,"column":6}},"14":{"start":{"line":27,"column":4},"end":{"line":32,"column":7}},"15":{"start":{"line":28,"column":6},"end":{"line":31,"column":9}},"16":{"start":{"line":38,"column":13},"end":{"line":38,"column":23}},"17":{"start":{"line":39,"column":2},"end":{"line":39,"column":25}},"18":{"start":{"line":39,"column":13},"end":{"line":39,"column":25}},"19":{"start":{"line":40,"column":14},"end":{"line":46,"column":7}},"20":{"start":{"line":41,"column":18},"end":{"line":41,"column":53}},"21":{"start":{"line":42,"column":6},"end":{"line":45,"column":8}},"22":{"start":{"line":47,"column":12},"end":{"line":47,"column":23}},"23":{"start":{"line":48,"column":12},"end":{"line":48,"column":23}},"24":{"start":{"line":50,"column":13},"end":{"line":50,"column":14}},"25":{"start":{"line":51,"column":11},"end":{"line":51,"column":13}},"26":{"start":{"line":52,"column":11},"end":{"line":52,"column":12}},"27":{"start":{"line":53,"column":11},"end":{"line":53,"column":13}},"28":{"start":{"line":54,"column":2},"end":{"line":63,"column":3}},"29":{"start":{"line":54,"column":15},"end":{"line":54,"column":16}},"30":{"start":{"line":55,"column":4},"end":{"line":62,"column":5}},"31":{"start":{"line":55,"column":17},"end":{"line":55,"column":18}},"32":{"start":{"line":56,"column":6},"end":{"line":61,"column":7}},"33":{"start":{"line":57,"column":8},"end":{"line":57,"column":31}},"34":{"start":{"line":57,"column":22},"end":{"line":57,"column":31}},"35":{"start":{"line":58,"column":8},"end":{"line":58,"column":31}},"36":{"start":{"line":58,"column":22},"end":{"line":58,"column":31}},"37":{"start":{"line":59,"column":8},"end":{"line":59,"column":31}},"38":{"start":{"line":59,"column":22},"end":{"line":59,"column":31}},"39":{"start":{"line":60,"column":8},"end":{"line":60,"column":31}},"40":{"start":{"line":60,"column":22},"end":{"line":60,"column":31}},"41":{"start":{"line":65,"column":20},"end":{"line":65,"column":35}},"42":{"start":{"line":66,"column":19},"end":{"line":66,"column":34}},"43":{"start":{"line":67,"column":16},"end":{"line":67,"column":56}},"44":{"start":{"line":68,"column":16},"end":{"line":68,"column":55}},"45":{"start":{"line":70,"column":13},"end":{"line":80,"column":4}},"46":{"start":{"line":73,"column":4},"end":{"line":79,"column":7}},"47":{"start":{"line":76,"column":15},"end":{"line":76,"column":26}},"48":{"start":{"line":77,"column":15},"end":{"line":77,"column":26}},"49":{"start":{"line":78,"column":6},"end":{"line":78,"column":55}},"50":{"start":{"line":81,"column":2},"end":{"line":106,"column":6}},"51":{"start":{"line":94,"column":4},"end":{"line":105,"column":7}}},"fnMap":{"0":{"name":"_interopRequireDefault","decl":{"start":{"line":11,"column":9},"end":{"line":11,"column":31}},"loc":{"start":{"line":11,"column":35},"end":{"line":11,"column":87}},"line":11},"1":{"name":"(anonymous_1)","decl":{"start":{"line":18,"column":3},"end":{"line":18,"column":4}},"loc":{"start":{"line":18,"column":15},"end":{"line":20,"column":1}},"line":18},"2":{"name":"Board","decl":{"start":{"line":21,"column":9},"end":{"line":21,"column":14}},"loc":{"start":{"line":21,"column":21},"end":{"line":34,"column":1}},"line":21},"3":{"name":"(anonymous_3)","decl":{"start":{"line":26,"column":15},"end":{"line":26,"column":16}},"loc":{"start":{"line":26,"column":33},"end":{"line":33,"column":3}},"line":26},"4":{"name":"(anonymous_4)","decl":{"start":{"line":27,"column":19},"end":{"line":27,"column":20}},"loc":{"start":{"line":27,"column":38},"end":{"line":32,"column":5}},"line":27},"5":{"name":"NextPiecePreview","decl":{"start":{"line":37,"column":9},"end":{"line":37,"column":25}},"loc":{"start":{"line":37,"column":33},"end":{"line":107,"column":1}},"line":37},"6":{"name":"(anonymous_6)","decl":{"start":{"line":40,"column":14},"end":{"line":40,"column":15}},"loc":{"start":{"line":40,"column":26},"end":{"line":46,"column":5}},"line":40},"7":{"name":"(anonymous_7)","decl":{"start":{"line":72,"column":5},"end":{"line":72,"column":6}},"loc":{"start":{"line":72,"column":21},"end":{"line":80,"column":3}},"line":72},"8":{"name":"(anonymous_8)","decl":{"start":{"line":75,"column":7},"end":{"line":75,"column":8}},"loc":{"start":{"line":75,"column":23},"end":{"line":79,"column":5}},"line":75},"9":{"name":"(anonymous_9)","decl":{"start":{"line":93,"column":21},"end":{"line":93,"column":22}},"loc":{"start":{"line":93,"column":40},"end":{"line":106,"column":3}},"line":93}},"branchMap":{"0":{"loc":{"start":{"line":11,"column":44},"end":{"line":11,"column":84}},"type":"cond-expr","locations":[{"start":{"line":11,"column":64},"end":{"line":11,"column":65}},{"start":{"line":11,"column":68},"end":{"line":11,"column":84}}],"line":11},"1":{"loc":{"start":{"line":11,"column":44},"end":{"line":11,"column":61}},"type":"binary-expr","locations":[{"start":{"line":11,"column":44},"end":{"line":11,"column":45}},{"start":{"line":11,"column":49},"end":{"line":11,"column":61}}],"line":11},"2":{"loc":{"start":{"line":23,"column":12},"end":{"line":23,"column":59}},"type":"cond-expr","locations":[{"start":{"line":23,"column":36},"end":{"line":23,"column":46}},{"start":{"line":23,"column":49},"end":{"line":23,"column":59}}],"line":23},"3":{"loc":{"start":{"line":39,"column":2},"end":{"line":39,"column":25}},"type":"if","locations":[{"start":{"line":39,"column":2},"end":{"line":39,"column":25}},{"start":{"line":39,"column":2},"end":{"line":39,"column":25}}],"line":39},"4":{"loc":{"start":{"line":56,"column":6},"end":{"line":61,"column":7}},"type":"if","locations":[{"start":{"line":56,"column":6},"end":{"line":61,"column":7}},{"start":{"line":56,"column":6},"end":{"line":61,"column":7}}],"line":56},"5":{"loc":{"start":{"line":57,"column":8},"end":{"line":57,"column":31}},"type":"if","locations":[{"start":{"line":57,"column":8},"end":{"line":57,"column":31}},{"start":{"line":57,"column":8},"end":{"line":57,"column":31}}],"line":57},"6":{"loc":{"start":{"line":58,"column":8},"end":{"line":58,"column":31}},"type":"if","locations":[{"start":{"line":58,"column":8},"end":{"line":58,"column":31}},{"start":{"line":58,"column":8},"end":{"line":58,"column":31}}],"line":58},"7":{"loc":{"start":{"line":59,"column":8},"end":{"line":59,"column":31}},"type":"if","locations":[{"start":{"line":59,"column":8},"end":{"line":59,"column":31}},{"start":{"line":59,"column":8},"end":{"line":59,"column":31}}],"line":59},"8":{"loc":{"start":{"line":60,"column":8},"end":{"line":60,"column":31}},"type":"if","locations":[{"start":{"line":60,"column":8},"end":{"line":60,"column":31}},{"start":{"line":60,"column":8},"end":{"line":60,"column":31}}],"line":60},"9":{"loc":{"start":{"line":78,"column":13},"end":{"line":78,"column":54}},"type":"cond-expr","locations":[{"start":{"line":78,"column":42},"end":{"line":78,"column":47}},{"start":{"line":78,"column":50},"end":{"line":78,"column":54}}],"line":78},"10":{"loc":{"start":{"line":78,"column":13},"end":{"line":78,"column":39}},"type":"binary-expr","locations":[{"start":{"line":78,"column":13},"end":{"line":78,"column":22}},{"start":{"line":78,"column":26},"end":{"line":78,"column":39}}],"line":78},"11":{"loc":{"start":{"line":99,"column":20},"end":{"line":99,"column":41}},"type":"binary-expr","locations":[{"start":{"line":99,"column":20},"end":{"line":99,"column":24}},{"start":{"line":99,"column":28},"end":{"line":99,"column":41}}],"line":99},"12":{"loc":{"start":{"line":101,"column":16},"end":{"line":101,"column":49}},"type":"cond-expr","locations":[{"start":{"line":101,"column":23},"end":{"line":101,"column":40}},{"start":{"line":101,"column":43},"end":{"line":101,"column":49}}],"line":101}},"s":{"0":0,"1":0,"2":0,"3":0,"4":0,"5":0,"6":0,"7":0,"8":0,"9":0,"10":0,"11":0,"12":0,"13":0,"14":0,"15":0,"16":0,"17":0,"18":0,"19":0,"20":0,"21":0,"22":0,"23":0,"24":0,"25":0,"26":0,"27":0,"28":0,"29":0,"30":0,"31":0,"32":0,"33":0,"34":0,"35":0,"36":0,"37":0,"38":0,"39":0,"40":0,"41":0,"42":0,"43":0,"44":0,"45":0,"46":0,"47":0,"48":0,"49":0,"50":0,"51":0},"f":{"0":0,"1":0,"2":0,"3":0,"4":0,"5":0,"6":0,"7":0,"8":0,"9":0},"b":{"0":[0,0],"1":[0,0],"2":[0,0],"3":[0,0],"4":[0,0],"5":[0,0],"6":[0,0],"7":[0,0],"8":[0,0],"9":[0,0],"10":[0,0],"11":[0,0],"12":[0,0]},"inputSourceMap":{"version":3,"names":["_react","_interopRequireDefault","require","_tetrominos","e","__esModule","ROWS","COLS","emptyBoard","Array","from","length","fill","Board","_ref","_ref$board","board","createElement","className","map","row","y","cell","x","key","concat","NextPiecePreview","_ref2","type","_ref3","tetro","getTetromino","shape","color","TETROMINO_COLORS","minY","maxY","minX","maxX","pieceHeight","pieceWidth","offsetY","Math","floor","offsetX","grid","_","sy","sx","style","display","gridTemplateRows","gridTemplateColumns","gap","alignItems","justifyItems","margin","width","height","flat","i","background","borderRadius","border","boxSizing","transition"],"sourceRoot":"/Users/elias/Documents/GitHub/red-tetris/red_tetris_boilerplate/src/client/components/","sources":["Board.js"],"sourcesContent":["import React from 'react';\nimport './Board.css';\nimport { getTetromino, TETROMINO_COLORS } from '../utils/tetrominos';\n\nconst ROWS = 20;\nconst COLS = 10;\n\n// Génère une matrice vide\nconst emptyBoard = Array.from({ length: ROWS }, () => Array(COLS).fill(0));\n\nexport default function Board({ board = emptyBoard }) {\n  return (\n    <div className=\"tetris-board\">\n      {board.map((row, y) =>\n        row.map((cell, x) => (\n          <div\n            key={`${y}-${x}`}\n            className={`cell cell-${cell}`}\n          />\n        ))\n      )}\n    </div>\n  );\n}\n\n// Next piece preview component\nexport function NextPiecePreview({ type }) {\n  if (!type) return null;\n  const { shape, color } = (() => {\n    const tetro = getTetromino(type);\n    return {\n      shape: tetro.shape,\n      color: TETROMINO_COLORS[type]\n    };\n  })();\n  // Find bounding box of the shape\n  let minY = 4, maxY = -1, minX = 4, maxX = -1;\n  for (let y = 0; y < shape.length; y++) {\n    for (let x = 0; x < shape[y].length; x++) {\n      if (shape[y][x]) {\n        if (y < minY) minY = y;\n        if (y > maxY) maxY = y;\n        if (x < minX) minX = x;\n        if (x > maxX) maxX = x;\n      }\n    }\n  }\n  // Calculate offset to center the piece\n  const pieceHeight = maxY - minY + 1;\n  const pieceWidth = maxX - minX + 1;\n  const offsetY = Math.floor((4 - pieceHeight) / 2) - minY;\n  const offsetX = Math.floor((4 - pieceWidth) / 2) - minX;\n  // Build the 4x4 grid with the piece centered\n  const grid = Array.from({ length: 4 }, (_, y) =>\n    Array.from({ length: 4 }, (_, x) => {\n      const sy = y - offsetY;\n      const sx = x - offsetX;\n      return (shape[sy] && shape[sy][sx]) ? color : null;\n    })\n  );\n  return (\n    <div style={{\n      display: 'grid',\n      gridTemplateRows: 'repeat(4, 18px)',\n      gridTemplateColumns: 'repeat(4, 18px)',\n      gap: 2,\n      alignItems: 'center',\n      justifyItems: 'center',\n      margin: '0 auto',\n      width: 4 * 18 + 3 * 2,\n      height: 4 * 18 + 3 * 2,\n    }}>\n      {grid.flat().map((cell, i) => (\n        <div key={i} style={{\n          width: 18,\n          height: 18,\n          background: cell || 'transparent',\n          borderRadius: 3,\n          border: cell ? '1px solid #fff8' : 'none',\n          boxSizing: 'border-box',\n          transition: 'background 0.2s',\n        }} />\n      ))}\n    </div>\n  );\n}\n"],"mappings":";;;;;;;AAAA,IAAAA,MAAA,GAAAC,sBAAA,CAAAC,OAAA;AACAA,OAAA;AACA,IAAAC,WAAA,GAAAD,OAAA;AAAqE,SAAAD,uBAAAG,CAAA,WAAAA,CAAA,IAAAA,CAAA,CAAAC,UAAA,GAAAD,CAAA,gBAAAA,CAAA;AAErE,IAAME,IAAI,GAAG,EAAE;AACf,IAAMC,IAAI,GAAG,EAAE;;AAEf;AACA,IAAMC,UAAU,GAAGC,KAAK,CAACC,IAAI,CAAC;EAAEC,MAAM,EAAEL;AAAK,CAAC,EAAE;EAAA,OAAMG,KAAK,CAACF,IAAI,CAAC,CAACK,IAAI,CAAC,CAAC,CAAC;AAAA,EAAC;AAE3D,SAASC,KAAKA,CAAAC,IAAA,EAAyB;EAAA,IAAAC,UAAA,GAAAD,IAAA,CAAtBE,KAAK;IAALA,KAAK,GAAAD,UAAA,cAAGP,UAAU,GAAAO,UAAA;EAChD,oBACEf,MAAA,YAAAiB,aAAA;IAAKC,SAAS,EAAC;EAAc,GAC1BF,KAAK,CAACG,GAAG,CAAC,UAACC,GAAG,EAAEC,CAAC;IAAA,OAChBD,GAAG,CAACD,GAAG,CAAC,UAACG,IAAI,EAAEC,CAAC;MAAA,oBACdvB,MAAA,YAAAiB,aAAA;QACEO,GAAG,KAAAC,MAAA,CAAKJ,CAAC,OAAAI,MAAA,CAAIF,CAAC,CAAG;QACjBL,SAAS,eAAAO,MAAA,CAAeH,IAAI;MAAG,CAChC,CAAC;IAAA,CACH,CAAC;EAAA,CACJ,CACG,CAAC;AAEV;;AAEA;AACO,SAASI,gBAAgBA,CAAAC,KAAA,EAAW;EAAA,IAARC,IAAI,GAAAD,KAAA,CAAJC,IAAI;EACrC,IAAI,CAACA,IAAI,EAAE,OAAO,IAAI;EACtB,IAAAC,KAAA,GAA0B,YAAM;MAC9B,IAAMC,KAAK,GAAG,IAAAC,wBAAY,EAACH,IAAI,CAAC;MAChC,OAAO;QACLI,KAAK,EAAEF,KAAK,CAACE,KAAK;QAClBC,KAAK,EAAEC,4BAAgB,CAACN,IAAI;MAC9B,CAAC;IACH,CAAC,CAAE,CAAC;IANII,KAAK,GAAAH,KAAA,CAALG,KAAK;IAAEC,KAAK,GAAAJ,KAAA,CAALI,KAAK;EAOpB;EACA,IAAIE,IAAI,GAAG,CAAC;IAAEC,IAAI,GAAG,CAAC,CAAC;IAAEC,IAAI,GAAG,CAAC;IAAEC,IAAI,GAAG,CAAC,CAAC;EAC5C,KAAK,IAAIjB,CAAC,GAAG,CAAC,EAAEA,CAAC,GAAGW,KAAK,CAACrB,MAAM,EAAEU,CAAC,EAAE,EAAE;IACrC,KAAK,IAAIE,CAAC,GAAG,CAAC,EAAEA,CAAC,GAAGS,KAAK,CAACX,CAAC,CAAC,CAACV,MAAM,EAAEY,CAAC,EAAE,EAAE;MACxC,IAAIS,KAAK,CAACX,CAAC,CAAC,CAACE,CAAC,CAAC,EAAE;QACf,IAAIF,CAAC,GAAGc,IAAI,EAAEA,IAAI,GAAGd,CAAC;QACtB,IAAIA,CAAC,GAAGe,IAAI,EAAEA,IAAI,GAAGf,CAAC;QACtB,IAAIE,CAAC,GAAGc,IAAI,EAAEA,IAAI,GAAGd,CAAC;QACtB,IAAIA,CAAC,GAAGe,IAAI,EAAEA,IAAI,GAAGf,CAAC;MACxB;IACF;EACF;EACA;EACA,IAAMgB,WAAW,GAAGH,IAAI,GAAGD,IAAI,GAAG,CAAC;EACnC,IAAMK,UAAU,GAAGF,IAAI,GAAGD,IAAI,GAAG,CAAC;EAClC,IAAMI,OAAO,GAAGC,IAAI,CAACC,KAAK,CAAC,CAAC,CAAC,GAAGJ,WAAW,IAAI,CAAC,CAAC,GAAGJ,IAAI;EACxD,IAAMS,OAAO,GAAGF,IAAI,CAACC,KAAK,CAAC,CAAC,CAAC,GAAGH,UAAU,IAAI,CAAC,CAAC,GAAGH,IAAI;EACvD;EACA,IAAMQ,IAAI,GAAGpC,KAAK,CAACC,IAAI,CAAC;IAAEC,MAAM,EAAE;EAAE,CAAC,EAAE,UAACmC,CAAC,EAAEzB,CAAC;IAAA,OAC1CZ,KAAK,CAACC,IAAI,CAAC;MAAEC,MAAM,EAAE;IAAE,CAAC,EAAE,UAACmC,CAAC,EAAEvB,CAAC,EAAK;MAClC,IAAMwB,EAAE,GAAG1B,CAAC,GAAGoB,OAAO;MACtB,IAAMO,EAAE,GAAGzB,CAAC,GAAGqB,OAAO;MACtB,OAAQZ,KAAK,CAACe,EAAE,CAAC,IAAIf,KAAK,CAACe,EAAE,CAAC,CAACC,EAAE,CAAC,GAAIf,KAAK,GAAG,IAAI;IACpD,CAAC,CAAC;EAAA,CACJ,CAAC;EACD,oBACEjC,MAAA,YAAAiB,aAAA;IAAKgC,KAAK,EAAE;MACVC,OAAO,EAAE,MAAM;MACfC,gBAAgB,EAAE,iBAAiB;MACnCC,mBAAmB,EAAE,iBAAiB;MACtCC,GAAG,EAAE,CAAC;MACNC,UAAU,EAAE,QAAQ;MACpBC,YAAY,EAAE,QAAQ;MACtBC,MAAM,EAAE,QAAQ;MAChBC,KAAK,EAAE,CAAC,GAAG,EAAE,GAAG,CAAC,GAAG,CAAC;MACrBC,MAAM,EAAE,CAAC,GAAG,EAAE,GAAG,CAAC,GAAG;IACvB;EAAE,GACCb,IAAI,CAACc,IAAI,CAAC,CAAC,CAACxC,GAAG,CAAC,UAACG,IAAI,EAAEsC,CAAC;IAAA,oBACvB5D,MAAA,YAAAiB,aAAA;MAAKO,GAAG,EAAEoC,CAAE;MAACX,KAAK,EAAE;QAClBQ,KAAK,EAAE,EAAE;QACTC,MAAM,EAAE,EAAE;QACVG,UAAU,EAAEvC,IAAI,IAAI,aAAa;QACjCwC,YAAY,EAAE,CAAC;QACfC,MAAM,EAAEzC,IAAI,GAAG,iBAAiB,GAAG,MAAM;QACzC0C,SAAS,EAAE,YAAY;QACvBC,UAAU,EAAE;MACd;IAAE,CAAE,CAAC;EAAA,CACN,CACE,CAAC;AAEV","ignoreList":[]},"all":true},"/Users/elias/Documents/GitHub/red-tetris/red_tetris_boilerplate/src/client/components/Controls.js":{"path":"/Users/elias/Documents/GitHub/red-tetris/red_tetris_boilerplate/src/client/components/Controls.js","statementMap":{"0":{"start":{"line":3,"column":0},"end":{"line":5,"column":3}},"1":{"start":{"line":6,"column":0},"end":{"line":6,"column":28}},"2":{"start":{"line":7,"column":13},"end":{"line":7,"column":53}},"3":{"start":{"line":8,"column":37},"end":{"line":8,"column":85}},"4":{"start":{"line":9,"column":15},"end":{"line":21,"column":2}},"5":{"start":{"line":22,"column":15},"end":{"line":38,"column":1}},"6":{"start":{"line":23,"column":2},"end":{"line":37,"column":7}},"7":{"start":{"line":28,"column":4},"end":{"line":36,"column":19}},"8":{"start":{"line":39,"column":15},"end":{"line":39,"column":44}}},"fnMap":{"0":{"name":"_interopRequireDefault","decl":{"start":{"line":8,"column":9},"end":{"line":8,"column":31}},"loc":{"start":{"line":8,"column":35},"end":{"line":8,"column":87}},"line":8},"1":{"name":"Controls","decl":{"start":{"line":22,"column":24},"end":{"line":22,"column":32}},"loc":{"start":{"line":22,"column":35},"end":{"line":38,"column":1}},"line":22},"2":{"name":"(anonymous_2)","decl":{"start":{"line":27,"column":18},"end":{"line":27,"column":19}},"loc":{"start":{"line":27,"column":39},"end":{"line":37,"column":3}},"line":27}},"branchMap":{"0":{"loc":{"start":{"line":8,"column":44},"end":{"line":8,"column":84}},"type":"cond-expr","locations":[{"start":{"line":8,"column":64},"end":{"line":8,"column":65}},{"start":{"line":8,"column":68},"end":{"line":8,"column":84}}],"line":8},"1":{"loc":{"start":{"line":8,"column":44},"end":{"line":8,"column":61}},"type":"binary-expr","locations":[{"start":{"line":8,"column":44},"end":{"line":8,"column":45}},{"start":{"line":8,"column":49},"end":{"line":8,"column":61}}],"line":8}},"s":{"0":0,"1":0,"2":0,"3":0,"4":0,"5":0,"6":0,"7":0,"8":0},"f":{"0":0,"1":0,"2":0},"b":{"0":[0,0],"1":[0,0]},"inputSourceMap":{"version":3,"names":["_react","_interopRequireDefault","require","e","__esModule","controls","icon","text","Controls","createElement","className","map","ctrl","idx","key","_default","exports"],"sourceRoot":"/Users/elias/Documents/GitHub/red-tetris/red_tetris_boilerplate/src/client/components/","sources":["Controls.js"],"sourcesContent":["import React from 'react';\n\nconst controls = [\n  { icon: '⬅️➡️', text: 'Move piece left/right' },\n  { icon: '🔄', text: 'Rotate piece' },\n  { icon: '⬇️', text: 'Soft drop' },\n  { icon: '⏬', text: 'Hard drop' },\n];\n\nconst Controls = () => (\n  <div className=\"controls enhanced fade-in\">\n    <h3>Controls</h3>\n    <ul className=\"controls-list\">\n      {controls.map((ctrl, idx) => (\n        <li key={idx} className=\"controls-list-item\">\n          <span className=\"control-icon\" aria-hidden=\"true\">{ctrl.icon}</span>\n          <span className=\"control-text\">{ctrl.text}</span>\n        </li>\n      ))}\n    </ul>\n  </div>\n);\n\nexport default Controls; "],"mappings":";;;;;;AAAA,IAAAA,MAAA,GAAAC,sBAAA,CAAAC,OAAA;AAA0B,SAAAD,uBAAAE,CAAA,WAAAA,CAAA,IAAAA,CAAA,CAAAC,UAAA,GAAAD,CAAA,gBAAAA,CAAA;AAE1B,IAAME,QAAQ,GAAG,CACf;EAAEC,IAAI,EAAE,MAAM;EAAEC,IAAI,EAAE;AAAwB,CAAC,EAC/C;EAAED,IAAI,EAAE,IAAI;EAAEC,IAAI,EAAE;AAAe,CAAC,EACpC;EAAED,IAAI,EAAE,IAAI;EAAEC,IAAI,EAAE;AAAY,CAAC,EACjC;EAAED,IAAI,EAAE,GAAG;EAAEC,IAAI,EAAE;AAAY,CAAC,CACjC;AAED,IAAMC,QAAQ,GAAG,SAAXA,QAAQA,CAAA;EAAA,oBACZR,MAAA,YAAAS,aAAA;IAAKC,SAAS,EAAC;EAA2B,gBACxCV,MAAA,YAAAS,aAAA,aAAI,UAAY,CAAC,eACjBT,MAAA,YAAAS,aAAA;IAAIC,SAAS,EAAC;EAAe,GAC1BL,QAAQ,CAACM,GAAG,CAAC,UAACC,IAAI,EAAEC,GAAG;IAAA,oBACtBb,MAAA,YAAAS,aAAA;MAAIK,GAAG,EAAED,GAAI;MAACH,SAAS,EAAC;IAAoB,gBAC1CV,MAAA,YAAAS,aAAA;MAAMC,SAAS,EAAC,cAAc;MAAC,eAAY;IAAM,GAAEE,IAAI,CAACN,IAAW,CAAC,eACpEN,MAAA,YAAAS,aAAA;MAAMC,SAAS,EAAC;IAAc,GAAEE,IAAI,CAACL,IAAW,CAC9C,CAAC;EAAA,CACN,CACC,CACD,CAAC;AAAA,CACP;AAAC,IAAAQ,QAAA,GAAAC,OAAA,cAEaR,QAAQ","ignoreList":[]},"all":true},"/Users/elias/Documents/GitHub/red-tetris/red_tetris_boilerplate/src/client/components/CreateRoomModal.js":{"path":"/Users/elias/Documents/GitHub/red-tetris/red_tetris_boilerplate/src/client/components/CreateRoomModal.js","statementMap":{"0":{"start":{"line":3,"column":0},"end":{"line":5,"column":3}},"1":{"start":{"line":6,"column":0},"end":{"line":6,"column":28}},"2":{"start":{"line":7,"column":13},"end":{"line":7,"column":53}},"3":{"start":{"line":8,"column":37},"end":{"line":8,"column":85}},"4":{"start":{"line":9,"column":22},"end":{"line":234,"column":1}},"5":{"start":{"line":10,"column":15},"end":{"line":10,"column":26}},"6":{"start":{"line":11,"column":14},"end":{"line":11,"column":26}},"7":{"start":{"line":12,"column":19},"end":{"line":12,"column":36}},"8":{"start":{"line":13,"column":15},"end":{"line":13,"column":28}},"9":{"start":{"line":14,"column":18},"end":{"line":14,"column":34}},"10":{"start":{"line":15,"column":20},"end":{"line":15,"column":38}},"11":{"start":{"line":16,"column":19},"end":{"line":16,"column":36}},"12":{"start":{"line":17,"column":18},"end":{"line":17,"column":34}},"13":{"start":{"line":18,"column":25},"end":{"line":18,"column":48}},"14":{"start":{"line":19,"column":18},"end":{"line":19,"column":34}},"15":{"start":{"line":20,"column":18},"end":{"line":20,"column":34}},"16":{"start":{"line":21,"column":16},"end":{"line":21,"column":30}},"17":{"start":{"line":22,"column":2},"end":{"line":22,"column":27}},"18":{"start":{"line":22,"column":15},"end":{"line":22,"column":27}},"19":{"start":{"line":23,"column":2},"end":{"line":233,"column":15}},"20":{"start":{"line":96,"column":6},"end":{"line":96,"column":41}},"21":{"start":{"line":110,"column":6},"end":{"line":110,"column":50}},"22":{"start":{"line":110,"column":29},"end":{"line":110,"column":50}},"23":{"start":{"line":156,"column":17},"end":{"line":156,"column":95}},"24":{"start":{"line":157,"column":6},"end":{"line":157,"column":42}},"25":{"start":{"line":159,"column":17},"end":{"line":159,"column":46}},"26":{"start":{"line":160,"column":6},"end":{"line":160,"column":40}},"27":{"start":{"line":161,"column":6},"end":{"line":161,"column":191}},"28":{"start":{"line":162,"column":6},"end":{"line":162,"column":38}},"29":{"start":{"line":163,"column":6},"end":{"line":165,"column":15}},"30":{"start":{"line":164,"column":8},"end":{"line":164,"column":47}},"31":{"start":{"line":196,"column":4},"end":{"line":203,"column":59}},"32":{"start":{"line":235,"column":15},"end":{"line":235,"column":51}}},"fnMap":{"0":{"name":"_interopRequireDefault","decl":{"start":{"line":8,"column":9},"end":{"line":8,"column":31}},"loc":{"start":{"line":8,"column":35},"end":{"line":8,"column":87}},"line":8},"1":{"name":"CreateRoomModal","decl":{"start":{"line":9,"column":31},"end":{"line":9,"column":46}},"loc":{"start":{"line":9,"column":53},"end":{"line":234,"column":1}},"line":9},"2":{"name":"onChange","decl":{"start":{"line":95,"column":23},"end":{"line":95,"column":31}},"loc":{"start":{"line":95,"column":35},"end":{"line":97,"column":5}},"line":95},"3":{"name":"onKeyDown","decl":{"start":{"line":109,"column":24},"end":{"line":109,"column":33}},"loc":{"start":{"line":109,"column":37},"end":{"line":111,"column":5}},"line":109},"4":{"name":"onClick","decl":{"start":{"line":155,"column":22},"end":{"line":155,"column":29}},"loc":{"start":{"line":155,"column":32},"end":{"line":166,"column":5}},"line":155},"5":{"name":"(anonymous_5)","decl":{"start":{"line":163,"column":17},"end":{"line":163,"column":18}},"loc":{"start":{"line":163,"column":29},"end":{"line":165,"column":7}},"line":163},"6":{"name":"(anonymous_6)","decl":{"start":{"line":195,"column":21},"end":{"line":195,"column":22}},"loc":{"start":{"line":195,"column":46},"end":{"line":204,"column":3}},"line":195}},"branchMap":{"0":{"loc":{"start":{"line":8,"column":44},"end":{"line":8,"column":84}},"type":"cond-expr","locations":[{"start":{"line":8,"column":64},"end":{"line":8,"column":65}},{"start":{"line":8,"column":68},"end":{"line":8,"column":84}}],"line":8},"1":{"loc":{"start":{"line":8,"column":44},"end":{"line":8,"column":61}},"type":"binary-expr","locations":[{"start":{"line":8,"column":44},"end":{"line":8,"column":45}},{"start":{"line":8,"column":49},"end":{"line":8,"column":61}}],"line":8},"2":{"loc":{"start":{"line":22,"column":2},"end":{"line":22,"column":27}},"type":"if","locations":[{"start":{"line":22,"column":2},"end":{"line":22,"column":27}},{"start":{"line":22,"column":2},"end":{"line":22,"column":27}}],"line":22},"3":{"loc":{"start":{"line":76,"column":21},"end":{"line":83,"column":15}},"type":"binary-expr","locations":[{"start":{"line":76,"column":21},"end":{"line":76,"column":30}},{"start":{"line":76,"column":47},"end":{"line":83,"column":15}}],"line":76},"4":{"loc":{"start":{"line":83,"column":17},"end":{"line":125,"column":16}},"type":"binary-expr","locations":[{"start":{"line":83,"column":17},"end":{"line":83,"column":31}},{"start":{"line":83,"column":48},"end":{"line":125,"column":16}}],"line":83},"5":{"loc":{"start":{"line":110,"column":6},"end":{"line":110,"column":50}},"type":"if","locations":[{"start":{"line":110,"column":6},"end":{"line":110,"column":50}},{"start":{"line":110,"column":6},"end":{"line":110,"column":50}}],"line":110},"6":{"loc":{"start":{"line":125,"column":18},"end":{"line":173,"column":29}},"type":"binary-expr","locations":[{"start":{"line":125,"column":18},"end":{"line":125,"column":31}},{"start":{"line":125,"column":48},"end":{"line":173,"column":29}}],"line":125},"7":{"loc":{"start":{"line":173,"column":31},"end":{"line":204,"column":6}},"type":"binary-expr","locations":[{"start":{"line":173,"column":31},"end":{"line":173,"column":44}},{"start":{"line":173,"column":48},"end":{"line":173,"column":70}},{"start":{"line":173,"column":87},"end":{"line":204,"column":6}}],"line":173},"8":{"loc":{"start":{"line":200,"column":22},"end":{"line":200,"column":80}},"type":"cond-expr","locations":[{"start":{"line":200,"column":55},"end":{"line":200,"column":71}},{"start":{"line":200,"column":74},"end":{"line":200,"column":80}}],"line":200},"9":{"loc":{"start":{"line":201,"column":15},"end":{"line":201,"column":51}},"type":"cond-expr","locations":[{"start":{"line":201,"column":33},"end":{"line":201,"column":42}},{"start":{"line":201,"column":45},"end":{"line":201,"column":51}}],"line":201},"10":{"loc":{"start":{"line":203,"column":25},"end":{"line":203,"column":57}},"type":"binary-expr","locations":[{"start":{"line":203,"column":25},"end":{"line":203,"column":40}},{"start":{"line":203,"column":44},"end":{"line":203,"column":57}}],"line":203},"11":{"loc":{"start":{"line":204,"column":8},"end":{"line":219,"column":18}},"type":"binary-expr","locations":[{"start":{"line":204,"column":8},"end":{"line":204,"column":21}},{"start":{"line":204,"column":25},"end":{"line":204,"column":37}},{"start":{"line":204,"column":54},"end":{"line":219,"column":18}}],"line":204}},"s":{"0":0,"1":0,"2":0,"3":0,"4":0,"5":0,"6":0,"7":0,"8":0,"9":0,"10":0,"11":0,"12":0,"13":0,"14":0,"15":0,"16":0,"17":0,"18":0,"19":0,"20":0,"21":0,"22":0,"23":0,"24":0,"25":0,"26":0,"27":0,"28":0,"29":0,"30":0,"31":0,"32":0},"f":{"0":0,"1":0,"2":0,"3":0,"4":0,"5":0,"6":0},"b":{"0":[0,0],"1":[0,0],"2":[0,0],"3":[0,0],"4":[0,0],"5":[0,0],"6":[0,0],"7":[0,0,0],"8":[0,0],"9":[0,0],"10":[0,0],"11":[0,0,0]},"inputSourceMap":{"version":3,"names":["_react","_interopRequireDefault","require","e","__esModule","CreateRoomModal","_ref","isOpen","onClose","createRoomId","username","setUsername","currentRoomId","isRoomLeader","roomPlayers","onValidateUsername","onStartGame","onLeaveRoom","joinError","createElement","style","position","top","left","width","height","background","display","alignItems","justifyContent","zIndex","padding","borderRadius","boxShadow","textAlign","color","minWidth","minHeight","fontSize","fontWeight","marginBottom","letterSpacing","backgroundColor","border","gap","type","placeholder","value","onChange","target","outline","flex","onKeyDown","key","onClick","cursor","whiteSpace","marginTop","fontFamily","wordBreak","link","concat","window","location","origin","navigator","clipboard","writeText","elem","document","textContent","cssText","body","appendChild","setTimeout","removeChild","length","listStyle","margin","map","player","index","borderBottom","isLeader","name","right","title","_default","exports"],"sourceRoot":"/Users/elias/Documents/GitHub/red-tetris/red_tetris_boilerplate/src/client/components/","sources":["CreateRoomModal.js"],"sourcesContent":["import React from 'react';\n\nconst CreateRoomModal = ({\n  isOpen,\n  onClose,\n  createRoomId,\n  username,\n  setUsername,\n  currentRoomId,\n  isRoomLeader,\n  roomPlayers,\n  onValidateUsername,\n  onStartGame,\n  onLeaveRoom,\n  joinError\n}) => {\n  if (!isOpen) return null;\n\n  return (\n    <div style={{\n      position: 'fixed',\n      top: 0,\n      left: 0,\n      width: '100vw',\n      height: '100vh',\n      background: 'rgba(0,0,0,0.85)',\n      display: 'flex',\n      alignItems: 'center',\n      justifyContent: 'center',\n      zIndex: 100\n    }}>\n      <div style={{\n        background: '#222',\n        padding: '40px 32px 32px 32px',\n        borderRadius: 24,\n        boxShadow: '0 4px 32px #000a',\n        textAlign: 'center',\n        color: '#FFD700',\n        minWidth: 340,\n        minHeight: 320,\n        position: 'relative'\n      }}>\n        <div style={{fontSize: 30, fontWeight: 900, marginBottom: 12, letterSpacing: 2}}>\n          Créer une Room\n        </div>\n        \n        <div style={{\n          fontSize: 14, \n          color: '#4CAF50', \n          marginBottom: 18, \n          padding: '8px 12px',\n          backgroundColor: 'rgba(76, 175, 80, 0.1)',\n          borderRadius: 8,\n          border: '1px solid rgba(76, 175, 80, 0.3)'\n        }}>\n          👑 Vous serez le leader et pourrez lancer le jeu pour tous les joueurs\n        </div>\n        \n        <div style={{fontSize: 18, color: '#fff', marginBottom: 10}}>\n          ID de la Room : <span style={{color: '#FFD700', fontWeight: 'bold'}}>{createRoomId}</span>\n        </div>\n        \n        {joinError && (\n          <div style={{color: '#ff4444', fontSize: 16, marginBottom: 10, fontWeight: 'bold'}}>\n            {joinError}\n          </div>\n        )}\n        \n        {/* Show username input and validate button only if room is not created yet */}\n        {!currentRoomId && (\n          <div style={{display: 'flex', alignItems: 'center', justifyContent: 'center', gap: 8, marginBottom: 18}}>\n            <input\n              type=\"text\"\n              placeholder=\"Entrez votre nom\"\n              value={username}\n              onChange={e => setUsername(e.target.value)}\n              style={{\n                padding: '10px',\n                fontSize: 18,\n                borderRadius: 8,\n                border: '1px solid #FFD700',\n                outline: 'none',\n                color: '#222',\n                background: '#fff',\n                flex: 1,\n                minWidth: 200\n              }}\n              onKeyDown={e => { if (e.key === 'Enter') onValidateUsername(); }}\n            />\n            <button\n              onClick={onValidateUsername}\n              style={{\n                padding: '10px 16px',\n                fontSize: 16,\n                borderRadius: 8,\n                background: '#28a745',\n                color: '#fff',\n                border: 'none',\n                fontWeight: 'bold',\n                cursor: 'pointer',\n                whiteSpace: 'nowrap'\n              }}\n            >Valider</button>\n          </div>\n        )}\n        \n        {/* Show room status if already created */}\n        {currentRoomId && (\n          <div style={{\n            fontSize: 16, \n            color: '#4CAF50', \n            marginBottom: 18, \n            padding: '12px',\n            backgroundColor: 'rgba(76, 175, 80, 0.1)',\n            borderRadius: 8,\n            border: '1px solid rgba(76, 175, 80, 0.3)',\n            textAlign: 'center'\n          }}>\n            ✅ Room créée avec succès ! En attente d'autres joueurs...\n            <div style={{marginTop: 12, fontSize: 14, color: '#fff'}}>\n              <strong>Lien à partager :</strong>\n              <div style={{\n                marginTop: 8,\n                padding: '8px 12px',\n                backgroundColor: '#2a2a2a',\n                borderRadius: 6,\n                fontFamily: 'monospace',\n                fontSize: 13,\n                color: '#FFD700',\n                wordBreak: 'break-all',\n                cursor: 'pointer',\n                border: '1px solid #555'\n              }}\n              onClick={() => {\n                const link = `${window.location.origin}/#${currentRoomId}[PLAYER_NAME]`;\n                navigator.clipboard.writeText(link);\n                // Show a temporary feedback\n                const elem = document.createElement('div');\n                elem.textContent = 'Lien copié !';\n                elem.style.cssText = 'position:fixed;top:50%;left:50%;transform:translate(-50%,-50%);background:#4CAF50;color:white;padding:12px 24px;border-radius:8px;z-index:10000;font-weight:bold;';\n                document.body.appendChild(elem);\n                setTimeout(() => document.body.removeChild(elem), 2000);\n              }}>\n                {`${window.location.origin}/#${currentRoomId}[PLAYER_NAME]`}\n              </div>\n              <div style={{fontSize: 12, color: '#ccc', marginTop: 4}}>\n                Cliquer pour copier\n              </div>\n            </div>\n          </div>\n        )}\n\n        {/* Show players list if room exists */}\n        {currentRoomId && roomPlayers.length > 0 && (\n          <div style={{\n            marginBottom: 18,\n            padding: 12,\n            backgroundColor: '#1a1a1a',\n            borderRadius: 8,\n            border: '1px solid #333'\n          }}>\n            <div style={{fontSize: 16, color: '#FFD700', marginBottom: 8, fontWeight: 'bold'}}>\n              Joueurs connectés ({roomPlayers.length}) :\n            </div>\n            <ul style={{listStyle: 'none', padding: 0, margin: 0, fontSize: 14}}>\n              {roomPlayers.map((player, index) => (\n                <li key={index} style={{\n                  padding: '4px 8px',\n                  borderBottom: index < roomPlayers.length - 1 ? '1px solid #444' : 'none',\n                  color: player.isLeader ? '#FFD700' : '#fff'\n                }}>\n                  {player.name} {player.isLeader && '👑 (Leader)'}\n                </li>\n              ))}\n            </ul>\n          </div>\n        )}\n        \n        {/* Show START GAME button only if already in a room and is leader */}\n        {currentRoomId && isRoomLeader && (\n          <button\n            onClick={onStartGame}\n            style={{\n              padding: '12px 32px',\n              fontSize: 20,\n              borderRadius: 10,\n              background: '#ff6600',\n              color: '#fff',\n              border: 'none',\n              fontWeight: 'bold',\n              cursor: 'pointer',\n              boxShadow: '0 2px 8px #0006',\n              letterSpacing: 1,\n              marginBottom: 10\n            }}\n          >START GAME</button>\n        )}\n        \n        {/* The room creation happens automatically when validating username */}\n        <button\n          onClick={onLeaveRoom}\n          style={{\n            position: 'absolute',\n            top: 12,\n            right: 18,\n            background: 'transparent',\n            color: '#FFD700',\n            border: 'none',\n            fontSize: 28,\n            cursor: 'pointer',\n            fontWeight: 'bold',\n          }}\n          title=\"Fermer\"\n        >×</button>\n      </div>\n    </div>\n  );\n};\n\nexport default CreateRoomModal;\n"],"mappings":";;;;;;AAAA,IAAAA,MAAA,GAAAC,sBAAA,CAAAC,OAAA;AAA0B,SAAAD,uBAAAE,CAAA,WAAAA,CAAA,IAAAA,CAAA,CAAAC,UAAA,GAAAD,CAAA,gBAAAA,CAAA;AAE1B,IAAME,eAAe,GAAG,SAAlBA,eAAeA,CAAAC,IAAA,EAaf;EAAA,IAZJC,MAAM,GAAAD,IAAA,CAANC,MAAM;IACNC,OAAO,GAAAF,IAAA,CAAPE,OAAO;IACPC,YAAY,GAAAH,IAAA,CAAZG,YAAY;IACZC,QAAQ,GAAAJ,IAAA,CAARI,QAAQ;IACRC,WAAW,GAAAL,IAAA,CAAXK,WAAW;IACXC,aAAa,GAAAN,IAAA,CAAbM,aAAa;IACbC,YAAY,GAAAP,IAAA,CAAZO,YAAY;IACZC,WAAW,GAAAR,IAAA,CAAXQ,WAAW;IACXC,kBAAkB,GAAAT,IAAA,CAAlBS,kBAAkB;IAClBC,WAAW,GAAAV,IAAA,CAAXU,WAAW;IACXC,WAAW,GAAAX,IAAA,CAAXW,WAAW;IACXC,SAAS,GAAAZ,IAAA,CAATY,SAAS;EAET,IAAI,CAACX,MAAM,EAAE,OAAO,IAAI;EAExB,oBACEP,MAAA,YAAAmB,aAAA;IAAKC,KAAK,EAAE;MACVC,QAAQ,EAAE,OAAO;MACjBC,GAAG,EAAE,CAAC;MACNC,IAAI,EAAE,CAAC;MACPC,KAAK,EAAE,OAAO;MACdC,MAAM,EAAE,OAAO;MACfC,UAAU,EAAE,kBAAkB;MAC9BC,OAAO,EAAE,MAAM;MACfC,UAAU,EAAE,QAAQ;MACpBC,cAAc,EAAE,QAAQ;MACxBC,MAAM,EAAE;IACV;EAAE,gBACA9B,MAAA,YAAAmB,aAAA;IAAKC,KAAK,EAAE;MACVM,UAAU,EAAE,MAAM;MAClBK,OAAO,EAAE,qBAAqB;MAC9BC,YAAY,EAAE,EAAE;MAChBC,SAAS,EAAE,kBAAkB;MAC7BC,SAAS,EAAE,QAAQ;MACnBC,KAAK,EAAE,SAAS;MAChBC,QAAQ,EAAE,GAAG;MACbC,SAAS,EAAE,GAAG;MACdhB,QAAQ,EAAE;IACZ;EAAE,gBACArB,MAAA,YAAAmB,aAAA;IAAKC,KAAK,EAAE;MAACkB,QAAQ,EAAE,EAAE;MAAEC,UAAU,EAAE,GAAG;MAAEC,YAAY,EAAE,EAAE;MAAEC,aAAa,EAAE;IAAC;EAAE,GAAC,mBAE5E,CAAC,eAENzC,MAAA,YAAAmB,aAAA;IAAKC,KAAK,EAAE;MACVkB,QAAQ,EAAE,EAAE;MACZH,KAAK,EAAE,SAAS;MAChBK,YAAY,EAAE,EAAE;MAChBT,OAAO,EAAE,UAAU;MACnBW,eAAe,EAAE,wBAAwB;MACzCV,YAAY,EAAE,CAAC;MACfW,MAAM,EAAE;IACV;EAAE,GAAC,kFAEE,CAAC,eAEN3C,MAAA,YAAAmB,aAAA;IAAKC,KAAK,EAAE;MAACkB,QAAQ,EAAE,EAAE;MAAEH,KAAK,EAAE,MAAM;MAAEK,YAAY,EAAE;IAAE;EAAE,GAAC,kBAC3C,eAAAxC,MAAA,YAAAmB,aAAA;IAAMC,KAAK,EAAE;MAACe,KAAK,EAAE,SAAS;MAAEI,UAAU,EAAE;IAAM;EAAE,GAAE9B,YAAmB,CACtF,CAAC,EAELS,SAAS,iBACRlB,MAAA,YAAAmB,aAAA;IAAKC,KAAK,EAAE;MAACe,KAAK,EAAE,SAAS;MAAEG,QAAQ,EAAE,EAAE;MAAEE,YAAY,EAAE,EAAE;MAAED,UAAU,EAAE;IAAM;EAAE,GAChFrB,SACE,CACN,EAGA,CAACN,aAAa,iBACbZ,MAAA,YAAAmB,aAAA;IAAKC,KAAK,EAAE;MAACO,OAAO,EAAE,MAAM;MAAEC,UAAU,EAAE,QAAQ;MAAEC,cAAc,EAAE,QAAQ;MAAEe,GAAG,EAAE,CAAC;MAAEJ,YAAY,EAAE;IAAE;EAAE,gBACtGxC,MAAA,YAAAmB,aAAA;IACE0B,IAAI,EAAC,MAAM;IACXC,WAAW,EAAC,kBAAkB;IAC9BC,KAAK,EAAErC,QAAS;IAChBsC,QAAQ,EAAE,SAAVA,QAAQA,CAAE7C,CAAC;MAAA,OAAIQ,WAAW,CAACR,CAAC,CAAC8C,MAAM,CAACF,KAAK,CAAC;IAAA,CAAC;IAC3C3B,KAAK,EAAE;MACLW,OAAO,EAAE,MAAM;MACfO,QAAQ,EAAE,EAAE;MACZN,YAAY,EAAE,CAAC;MACfW,MAAM,EAAE,mBAAmB;MAC3BO,OAAO,EAAE,MAAM;MACff,KAAK,EAAE,MAAM;MACbT,UAAU,EAAE,MAAM;MAClByB,IAAI,EAAE,CAAC;MACPf,QAAQ,EAAE;IACZ,CAAE;IACFgB,SAAS,EAAE,SAAXA,SAASA,CAAEjD,CAAC,EAAI;MAAE,IAAIA,CAAC,CAACkD,GAAG,KAAK,OAAO,EAAEtC,kBAAkB,CAAC,CAAC;IAAE;EAAE,CAClE,CAAC,eACFf,MAAA,YAAAmB,aAAA;IACEmC,OAAO,EAAEvC,kBAAmB;IAC5BK,KAAK,EAAE;MACLW,OAAO,EAAE,WAAW;MACpBO,QAAQ,EAAE,EAAE;MACZN,YAAY,EAAE,CAAC;MACfN,UAAU,EAAE,SAAS;MACrBS,KAAK,EAAE,MAAM;MACbQ,MAAM,EAAE,MAAM;MACdJ,UAAU,EAAE,MAAM;MAClBgB,MAAM,EAAE,SAAS;MACjBC,UAAU,EAAE;IACd;EAAE,GACH,SAAe,CACb,CACN,EAGA5C,aAAa,iBACZZ,MAAA,YAAAmB,aAAA;IAAKC,KAAK,EAAE;MACVkB,QAAQ,EAAE,EAAE;MACZH,KAAK,EAAE,SAAS;MAChBK,YAAY,EAAE,EAAE;MAChBT,OAAO,EAAE,MAAM;MACfW,eAAe,EAAE,wBAAwB;MACzCV,YAAY,EAAE,CAAC;MACfW,MAAM,EAAE,kCAAkC;MAC1CT,SAAS,EAAE;IACb;EAAE,GAAC,yEAED,eAAAlC,MAAA,YAAAmB,aAAA;IAAKC,KAAK,EAAE;MAACqC,SAAS,EAAE,EAAE;MAAEnB,QAAQ,EAAE,EAAE;MAAEH,KAAK,EAAE;IAAM;EAAE,gBACvDnC,MAAA,YAAAmB,aAAA,iBAAQ,sBAAyB,CAAC,eAClCnB,MAAA,YAAAmB,aAAA;IAAKC,KAAK,EAAE;MACVqC,SAAS,EAAE,CAAC;MACZ1B,OAAO,EAAE,UAAU;MACnBW,eAAe,EAAE,SAAS;MAC1BV,YAAY,EAAE,CAAC;MACf0B,UAAU,EAAE,WAAW;MACvBpB,QAAQ,EAAE,EAAE;MACZH,KAAK,EAAE,SAAS;MAChBwB,SAAS,EAAE,WAAW;MACtBJ,MAAM,EAAE,SAAS;MACjBZ,MAAM,EAAE;IACV,CAAE;IACFW,OAAO,EAAE,SAATA,OAAOA,CAAA,EAAQ;MACb,IAAMM,IAAI,MAAAC,MAAA,CAAMC,MAAM,CAACC,QAAQ,CAACC,MAAM,QAAAH,MAAA,CAAKjD,aAAa,kBAAe;MACvEqD,SAAS,CAACC,SAAS,CAACC,SAAS,CAACP,IAAI,CAAC;MACnC;MACA,IAAMQ,IAAI,GAAGC,QAAQ,CAAClD,aAAa,CAAC,KAAK,CAAC;MAC1CiD,IAAI,CAACE,WAAW,GAAG,cAAc;MACjCF,IAAI,CAAChD,KAAK,CAACmD,OAAO,GAAG,mKAAmK;MACxLF,QAAQ,CAACG,IAAI,CAACC,WAAW,CAACL,IAAI,CAAC;MAC/BM,UAAU,CAAC;QAAA,OAAML,QAAQ,CAACG,IAAI,CAACG,WAAW,CAACP,IAAI,CAAC;MAAA,GAAE,IAAI,CAAC;IACzD;EAAE,MAAAP,MAAA,CACIC,MAAM,CAACC,QAAQ,CAACC,MAAM,QAAAH,MAAA,CAAKjD,aAAa,kBACzC,CAAC,eACNZ,MAAA,YAAAmB,aAAA;IAAKC,KAAK,EAAE;MAACkB,QAAQ,EAAE,EAAE;MAAEH,KAAK,EAAE,MAAM;MAAEsB,SAAS,EAAE;IAAC;EAAE,GAAC,qBAEpD,CACF,CACF,CACN,EAGA7C,aAAa,IAAIE,WAAW,CAAC8D,MAAM,GAAG,CAAC,iBACtC5E,MAAA,YAAAmB,aAAA;IAAKC,KAAK,EAAE;MACVoB,YAAY,EAAE,EAAE;MAChBT,OAAO,EAAE,EAAE;MACXW,eAAe,EAAE,SAAS;MAC1BV,YAAY,EAAE,CAAC;MACfW,MAAM,EAAE;IACV;EAAE,gBACA3C,MAAA,YAAAmB,aAAA;IAAKC,KAAK,EAAE;MAACkB,QAAQ,EAAE,EAAE;MAAEH,KAAK,EAAE,SAAS;MAAEK,YAAY,EAAE,CAAC;MAAED,UAAU,EAAE;IAAM;EAAE,GAAC,wBAC9D,EAACzB,WAAW,CAAC8D,MAAM,EAAC,KACpC,CAAC,eACN5E,MAAA,YAAAmB,aAAA;IAAIC,KAAK,EAAE;MAACyD,SAAS,EAAE,MAAM;MAAE9C,OAAO,EAAE,CAAC;MAAE+C,MAAM,EAAE,CAAC;MAAExC,QAAQ,EAAE;IAAE;EAAE,GACjExB,WAAW,CAACiE,GAAG,CAAC,UAACC,MAAM,EAAEC,KAAK;IAAA,oBAC7BjF,MAAA,YAAAmB,aAAA;MAAIkC,GAAG,EAAE4B,KAAM;MAAC7D,KAAK,EAAE;QACrBW,OAAO,EAAE,SAAS;QAClBmD,YAAY,EAAED,KAAK,GAAGnE,WAAW,CAAC8D,MAAM,GAAG,CAAC,GAAG,gBAAgB,GAAG,MAAM;QACxEzC,KAAK,EAAE6C,MAAM,CAACG,QAAQ,GAAG,SAAS,GAAG;MACvC;IAAE,GACCH,MAAM,CAACI,IAAI,EAAC,GAAC,EAACJ,MAAM,CAACG,QAAQ,IAAI,aAChC,CAAC;EAAA,CACN,CACC,CACD,CACN,EAGAvE,aAAa,IAAIC,YAAY,iBAC5Bb,MAAA,YAAAmB,aAAA;IACEmC,OAAO,EAAEtC,WAAY;IACrBI,KAAK,EAAE;MACLW,OAAO,EAAE,WAAW;MACpBO,QAAQ,EAAE,EAAE;MACZN,YAAY,EAAE,EAAE;MAChBN,UAAU,EAAE,SAAS;MACrBS,KAAK,EAAE,MAAM;MACbQ,MAAM,EAAE,MAAM;MACdJ,UAAU,EAAE,MAAM;MAClBgB,MAAM,EAAE,SAAS;MACjBtB,SAAS,EAAE,iBAAiB;MAC5BQ,aAAa,EAAE,CAAC;MAChBD,YAAY,EAAE;IAChB;EAAE,GACH,YAAkB,CACpB,eAGDxC,MAAA,YAAAmB,aAAA;IACEmC,OAAO,EAAErC,WAAY;IACrBG,KAAK,EAAE;MACLC,QAAQ,EAAE,UAAU;MACpBC,GAAG,EAAE,EAAE;MACP+D,KAAK,EAAE,EAAE;MACT3D,UAAU,EAAE,aAAa;MACzBS,KAAK,EAAE,SAAS;MAChBQ,MAAM,EAAE,MAAM;MACdL,QAAQ,EAAE,EAAE;MACZiB,MAAM,EAAE,SAAS;MACjBhB,UAAU,EAAE;IACd,CAAE;IACF+C,KAAK,EAAC;EAAQ,GACf,MAAS,CACP,CACF,CAAC;AAEV,CAAC;AAAC,IAAAC,QAAA,GAAAC,OAAA,cAEanF,eAAe","ignoreList":[]},"all":true},"/Users/elias/Documents/GitHub/red-tetris/red_tetris_boilerplate/src/client/components/GameBoard.js":{"path":"/Users/elias/Documents/GitHub/red-tetris/red_tetris_boilerplate/src/client/components/GameBoard.js","statementMap":{"0":{"start":{"line":3,"column":0},"end":{"line":5,"column":3}},"1":{"start":{"line":6,"column":0},"end":{"line":6,"column":28}},"2":{"start":{"line":7,"column":13},"end":{"line":7,"column":53}},"3":{"start":{"line":8,"column":13},"end":{"line":8,"column":55}},"4":{"start":{"line":9,"column":37},"end":{"line":9,"column":85}},"5":{"start":{"line":10,"column":16},"end":{"line":252,"column":1}},"6":{"start":{"line":11,"column":16},"end":{"line":11,"column":28}},"7":{"start":{"line":12,"column":19},"end":{"line":12,"column":36}},"8":{"start":{"line":13,"column":21},"end":{"line":13,"column":35}},"9":{"start":{"line":14,"column":16},"end":{"line":14,"column":69}},"10":{"start":{"line":15,"column":13},"end":{"line":15,"column":24}},"11":{"start":{"line":16,"column":19},"end":{"line":16,"column":36}},"12":{"start":{"line":17,"column":17},"end":{"line":17,"column":32}},"13":{"start":{"line":18,"column":22},"end":{"line":18,"column":37}},"14":{"start":{"line":19,"column":17},"end":{"line":19,"column":66}},"15":{"start":{"line":20,"column":19},"end":{"line":20,"column":36}},"16":{"start":{"line":21,"column":19},"end":{"line":21,"column":36}},"17":{"start":{"line":22,"column":14},"end":{"line":34,"column":4}},"18":{"start":{"line":35,"column":2},"end":{"line":251,"column":9}},"19":{"start":{"line":196,"column":4},"end":{"line":204,"column":167}},"20":{"start":{"line":233,"column":4},"end":{"line":250,"column":19}},"21":{"start":{"line":248,"column":8},"end":{"line":248,"column":38}},"22":{"start":{"line":253,"column":15},"end":{"line":253,"column":45}}},"fnMap":{"0":{"name":"_interopRequireDefault","decl":{"start":{"line":9,"column":9},"end":{"line":9,"column":31}},"loc":{"start":{"line":9,"column":35},"end":{"line":9,"column":87}},"line":9},"1":{"name":"GameBoard","decl":{"start":{"line":10,"column":25},"end":{"line":10,"column":34}},"loc":{"start":{"line":10,"column":41},"end":{"line":252,"column":1}},"line":10},"2":{"name":"(anonymous_2)","decl":{"start":{"line":195,"column":20},"end":{"line":195,"column":21}},"loc":{"start":{"line":195,"column":44},"end":{"line":205,"column":3}},"line":195},"3":{"name":"(anonymous_3)","decl":{"start":{"line":232,"column":15},"end":{"line":232,"column":16}},"loc":{"start":{"line":232,"column":31},"end":{"line":251,"column":3}},"line":232},"4":{"name":"onClick","decl":{"start":{"line":247,"column":24},"end":{"line":247,"column":31}},"loc":{"start":{"line":247,"column":34},"end":{"line":249,"column":7}},"line":247}},"branchMap":{"0":{"loc":{"start":{"line":9,"column":44},"end":{"line":9,"column":84}},"type":"cond-expr","locations":[{"start":{"line":9,"column":64},"end":{"line":9,"column":65}},{"start":{"line":9,"column":68},"end":{"line":9,"column":84}}],"line":9},"1":{"loc":{"start":{"line":9,"column":44},"end":{"line":9,"column":61}},"type":"binary-expr","locations":[{"start":{"line":9,"column":44},"end":{"line":9,"column":45}},{"start":{"line":9,"column":49},"end":{"line":9,"column":61}}],"line":9},"2":{"loc":{"start":{"line":14,"column":16},"end":{"line":14,"column":69}},"type":"cond-expr","locations":[{"start":{"line":14,"column":44},"end":{"line":14,"column":52}},{"start":{"line":14,"column":55},"end":{"line":14,"column":69}}],"line":14},"3":{"loc":{"start":{"line":19,"column":17},"end":{"line":19,"column":66}},"type":"cond-expr","locations":[{"start":{"line":19,"column":46},"end":{"line":19,"column":48}},{"start":{"line":19,"column":51},"end":{"line":19,"column":66}}],"line":19},"4":{"loc":{"start":{"line":93,"column":12},"end":{"line":251,"column":7}},"type":"cond-expr","locations":[{"start":{"line":93,"column":35},"end":{"line":109,"column":6}},{"start":{"line":109,"column":22},"end":{"line":251,"column":7}}],"line":93},"5":{"loc":{"start":{"line":202,"column":15},"end":{"line":202,"column":47}},"type":"cond-expr","locations":[{"start":{"line":202,"column":29},"end":{"line":202,"column":38}},{"start":{"line":202,"column":41},"end":{"line":202,"column":47}}],"line":202},"6":{"loc":{"start":{"line":239,"column":20},"end":{"line":239,"column":67}},"type":"cond-expr","locations":[{"start":{"line":239,"column":48},"end":{"line":239,"column":58}},{"start":{"line":239,"column":61},"end":{"line":239,"column":67}}],"line":239},"7":{"loc":{"start":{"line":240,"column":15},"end":{"line":240,"column":58}},"type":"cond-expr","locations":[{"start":{"line":240,"column":43},"end":{"line":240,"column":49}},{"start":{"line":240,"column":52},"end":{"line":240,"column":58}}],"line":240},"8":{"loc":{"start":{"line":245,"column":19},"end":{"line":245,"column":93}},"type":"cond-expr","locations":[{"start":{"line":245,"column":47},"end":{"line":245,"column":84}},{"start":{"line":245,"column":87},"end":{"line":245,"column":93}}],"line":245}},"s":{"0":0,"1":0,"2":0,"3":0,"4":0,"5":0,"6":0,"7":0,"8":0,"9":0,"10":0,"11":0,"12":0,"13":0,"14":0,"15":0,"16":0,"17":0,"18":0,"19":0,"20":0,"21":0,"22":0},"f":{"0":0,"1":0,"2":0,"3":0,"4":0},"b":{"0":[0,0],"1":[0,0],"2":[0,0],"3":[0,0],"4":[0,0],"5":[0,0],"6":[0,0],"7":[0,0],"8":[0,0]},"inputSourceMap":{"version":3,"names":["_react","_interopRequireDefault","require","_Board","e","__esModule","GameBoard","_ref","playing","displayBoard","_ref$gameTitle","gameTitle","onPlay","onCreateRoom","onJoinRoom","_ref$highScores","highScores","selectedMode","onModeChange","modes","key","label","color","createElement","style","background","borderRadius","boxShadow","padding","minWidth","minHeight","width","height","display","flexDirection","alignItems","justifyContent","zIndex","position","overflow","paddingBottom","fontSize","fontWeight","letterSpacing","textShadow","marginTop","marginBottom","textAlign","userSelect","flex","margin","board","onClick","border","cursor","map","score","index","toLocaleString","gap","mode","transition","concat","_default","exports"],"sourceRoot":"/Users/elias/Documents/GitHub/red-tetris/red_tetris_boilerplate/src/client/components/","sources":["GameBoard.js"],"sourcesContent":["import React from 'react';\nimport Board from './Board';\n\nconst GameBoard = ({\n  playing,\n  displayBoard,\n  gameTitle = \"TETRIS\",\n  onPlay,\n  onCreateRoom,\n  onJoinRoom,\n  highScores = [],\n  selectedMode,\n  onModeChange\n}) => {\n  const modes = [\n    { key: 'classic', label: 'Classic', color: '#28a745' },\n    { key: 'invisible', label: 'Invisible', color: '#ff6b35' },\n    { key: 'gravity', label: 'Gravity+', color: '#FFD700' }\n  ];\n\n  return (\n    <div style={{\n      background: '#111',\n      borderRadius: 24,\n      boxShadow: '0 4px 32px #000a',\n      padding: 0,\n      minWidth: 10 * 32 + 16, // 10*32px + padding\n      minHeight: 20 * 32 + 16, // 20*32px + padding\n      width: 10 * 32 + 16,\n      height: 20 * 32 + 16,\n      display: 'flex',\n      flexDirection: 'column',\n      alignItems: 'center',\n      justifyContent: 'flex-start',\n      zIndex: 3,\n      position: 'relative',\n      overflow: 'hidden',\n      paddingBottom: 24, // Ajoute du padding en bas pour équilibrer avec le haut\n    }}>\n      {/* Game Title */}\n      <div style={{\n        fontSize: 48,\n        fontWeight: 900,\n        letterSpacing: 2,\n        color: '#FFD700',\n        textShadow: '2px 2px 8px #000',\n        marginTop: 24,\n        marginBottom: 16,\n        width: '100%',\n        textAlign: 'center',\n        userSelect: 'none',\n      }}>\n        <span style={{color: '#FF3B3B'}}>T</span>\n        <span style={{color: '#FFD700'}}>E</span>\n        <span style={{color: '#00E6FF'}}>T</span>\n        <span style={{color: '#00FF00'}}>R</span>\n        <span style={{color: '#FF00FF'}}>I</span>\n        <span style={{color: '#FF3B3B'}}>S</span>\n      </div>\n\n      {/* Game Content */}\n      {playing ? (\n        <div style={{\n          flex: 1,\n          display: 'flex',\n          flexDirection: 'column',\n          alignItems: 'center',\n          justifyContent: 'center',\n          width: '100%',\n          position: 'relative',\n        }}>\n          <div style={{margin: 0}}>\n            <Board board={displayBoard} />\n          </div>\n        </div>\n      ) : (\n        <div style={{\n          flex: 1,\n          display: 'flex',\n          flexDirection: 'column',\n          alignItems: 'center',\n          justifyContent: 'center',\n          width: '100%',\n        }}>\n          {/* Play Button */}\n          <button \n            onClick={onPlay}\n            style={{\n              padding: '12px 0',\n              fontSize: 20,\n              borderRadius: 10,\n              background: '#28a745',\n              color: '#fff',\n              border: 'none',\n              fontWeight: 'bold',\n              cursor: 'pointer',\n              boxShadow: '0 2px 8px #0006',\n              marginBottom: 10,\n              letterSpacing: 1,\n              minWidth: 180,\n              width: 180,\n              textAlign: 'center',\n              height: 44\n            }}\n          >\n            PLAY\n          </button>\n          \n          {/* Create Room Button */}\n          <button \n            onClick={onCreateRoom}\n            style={{\n              padding: '12px 0',\n              fontSize: 20,\n              borderRadius: 10,\n              background: '#007bff',\n              color: '#fff',\n              border: 'none',\n              fontWeight: 'bold',\n              cursor: 'pointer',\n              boxShadow: '0 2px 8px #0006',\n              marginBottom: 10,\n              letterSpacing: 1,\n              minWidth: 180,\n              width: 180,\n              textAlign: 'center',\n              height: 44\n            }}\n          >\n            CREATE ROOM\n          </button>\n\n          {/* Join Room Button */}\n          <button \n            onClick={onJoinRoom}\n            style={{\n              padding: '12px 0',\n              fontSize: 20,\n              borderRadius: 10,\n              background: '#ff9800',\n              color: '#fff',\n              border: 'none',\n              fontWeight: 'bold',\n              cursor: 'pointer',\n              boxShadow: '0 2px 8px #0006',\n              marginBottom: 18,\n              letterSpacing: 1,\n              minWidth: 180,\n              width: 180,\n              textAlign: 'center',\n              height: 44\n            }}\n          >\n            JOIN ROOM\n          </button>\n\n          {/* High Scores */}\n          <div style={{\n            background: '#222',\n            borderRadius: 10,\n            padding: '12px 24px',\n            marginBottom: 18,\n            width: 220\n          }}>\n            <div style={{\n              fontWeight: 'bold',\n              fontSize: 18,\n              marginBottom: 6,\n              color: '#FFD700'\n            }}>\n              HIGH SCORES\n            </div>\n            <div style={{fontSize: 16, color: '#fff'}}>\n              {highScores.map((score, index) => (\n                <div key={index} style={{\n                  display: 'flex', \n                  justifyContent: 'space-between',\n                  marginBottom: 2,\n                  color: index === 0 ? '#FFD700' : '#fff'\n                }}>\n                  <span>#{index + 1}</span>\n                  <span>{score.toLocaleString()}</span>\n                </div>\n              ))}\n            </div>\n          </div>\n\n          {/* Game Mode Selection */}\n          <div style={{\n            marginTop: 24,\n            fontSize: 20,\n            color: '#fff',\n            fontWeight: 'bold',\n            background: '#222',\n            borderRadius: 10,\n            padding: '12px 16px',\n            display: 'flex',\n            flexDirection: 'column',\n            alignItems: 'center',\n            gap: 8,\n            width: 220\n          }}>\n            <div style={{ marginBottom: 8, color: '#FFD700' }}>GAME MODE</div>\n            <div style={{ display: 'flex', flexDirection: 'column', gap: 8, width: '100%' }}>\n              {modes.map(mode => (\n                <button\n                  key={mode.key}\n                  style={{\n                    padding: '8px 12px',\n                    fontSize: 16,\n                    borderRadius: 8,\n                    background: selectedMode === mode.key ? mode.color : '#444',\n                    color: selectedMode === mode.key ? '#fff' : '#ccc',\n                    border: 'none',\n                    fontWeight: 'bold',\n                    cursor: 'pointer',\n                    transition: 'background 0.2s, color 0.2s',\n                    boxShadow: selectedMode === mode.key ? `0 2px 8px ${mode.color}55` : 'none',\n                  }}\n                  onClick={() => onModeChange(mode.key)}\n                >\n                  {mode.label}\n                </button>\n              ))}\n            </div>\n          </div>\n        </div>\n      )}\n    </div>\n  );\n};\n\nexport default GameBoard;\n"],"mappings":";;;;;;AAAA,IAAAA,MAAA,GAAAC,sBAAA,CAAAC,OAAA;AACA,IAAAC,MAAA,GAAAF,sBAAA,CAAAC,OAAA;AAA4B,SAAAD,uBAAAG,CAAA,WAAAA,CAAA,IAAAA,CAAA,CAAAC,UAAA,GAAAD,CAAA,gBAAAA,CAAA;AAE5B,IAAME,SAAS,GAAG,SAAZA,SAASA,CAAAC,IAAA,EAUT;EAAA,IATJC,OAAO,GAAAD,IAAA,CAAPC,OAAO;IACPC,YAAY,GAAAF,IAAA,CAAZE,YAAY;IAAAC,cAAA,GAAAH,IAAA,CACZI,SAAS;IAATA,SAAS,GAAAD,cAAA,cAAG,QAAQ,GAAAA,cAAA;IACpBE,MAAM,GAAAL,IAAA,CAANK,MAAM;IACNC,YAAY,GAAAN,IAAA,CAAZM,YAAY;IACZC,UAAU,GAAAP,IAAA,CAAVO,UAAU;IAAAC,eAAA,GAAAR,IAAA,CACVS,UAAU;IAAVA,UAAU,GAAAD,eAAA,cAAG,EAAE,GAAAA,eAAA;IACfE,YAAY,GAAAV,IAAA,CAAZU,YAAY;IACZC,YAAY,GAAAX,IAAA,CAAZW,YAAY;EAEZ,IAAMC,KAAK,GAAG,CACZ;IAAEC,GAAG,EAAE,SAAS;IAAEC,KAAK,EAAE,SAAS;IAAEC,KAAK,EAAE;EAAU,CAAC,EACtD;IAAEF,GAAG,EAAE,WAAW;IAAEC,KAAK,EAAE,WAAW;IAAEC,KAAK,EAAE;EAAU,CAAC,EAC1D;IAAEF,GAAG,EAAE,SAAS;IAAEC,KAAK,EAAE,UAAU;IAAEC,KAAK,EAAE;EAAU,CAAC,CACxD;EAED,oBACEtB,MAAA,YAAAuB,aAAA;IAAKC,KAAK,EAAE;MACVC,UAAU,EAAE,MAAM;MAClBC,YAAY,EAAE,EAAE;MAChBC,SAAS,EAAE,kBAAkB;MAC7BC,OAAO,EAAE,CAAC;MACVC,QAAQ,EAAE,EAAE,GAAG,EAAE,GAAG,EAAE;MAAE;MACxBC,SAAS,EAAE,EAAE,GAAG,EAAE,GAAG,EAAE;MAAE;MACzBC,KAAK,EAAE,EAAE,GAAG,EAAE,GAAG,EAAE;MACnBC,MAAM,EAAE,EAAE,GAAG,EAAE,GAAG,EAAE;MACpBC,OAAO,EAAE,MAAM;MACfC,aAAa,EAAE,QAAQ;MACvBC,UAAU,EAAE,QAAQ;MACpBC,cAAc,EAAE,YAAY;MAC5BC,MAAM,EAAE,CAAC;MACTC,QAAQ,EAAE,UAAU;MACpBC,QAAQ,EAAE,QAAQ;MAClBC,aAAa,EAAE,EAAE,CAAE;IACrB;EAAE,gBAEAxC,MAAA,YAAAuB,aAAA;IAAKC,KAAK,EAAE;MACViB,QAAQ,EAAE,EAAE;MACZC,UAAU,EAAE,GAAG;MACfC,aAAa,EAAE,CAAC;MAChBrB,KAAK,EAAE,SAAS;MAChBsB,UAAU,EAAE,kBAAkB;MAC9BC,SAAS,EAAE,EAAE;MACbC,YAAY,EAAE,EAAE;MAChBf,KAAK,EAAE,MAAM;MACbgB,SAAS,EAAE,QAAQ;MACnBC,UAAU,EAAE;IACd;EAAE,gBACAhD,MAAA,YAAAuB,aAAA;IAAMC,KAAK,EAAE;MAACF,KAAK,EAAE;IAAS;EAAE,GAAC,GAAO,CAAC,eACzCtB,MAAA,YAAAuB,aAAA;IAAMC,KAAK,EAAE;MAACF,KAAK,EAAE;IAAS;EAAE,GAAC,GAAO,CAAC,eACzCtB,MAAA,YAAAuB,aAAA;IAAMC,KAAK,EAAE;MAACF,KAAK,EAAE;IAAS;EAAE,GAAC,GAAO,CAAC,eACzCtB,MAAA,YAAAuB,aAAA;IAAMC,KAAK,EAAE;MAACF,KAAK,EAAE;IAAS;EAAE,GAAC,GAAO,CAAC,eACzCtB,MAAA,YAAAuB,aAAA;IAAMC,KAAK,EAAE;MAACF,KAAK,EAAE;IAAS;EAAE,GAAC,GAAO,CAAC,eACzCtB,MAAA,YAAAuB,aAAA;IAAMC,KAAK,EAAE;MAACF,KAAK,EAAE;IAAS;EAAE,GAAC,GAAO,CACrC,CAAC,EAGLd,OAAO,gBACNR,MAAA,YAAAuB,aAAA;IAAKC,KAAK,EAAE;MACVyB,IAAI,EAAE,CAAC;MACPhB,OAAO,EAAE,MAAM;MACfC,aAAa,EAAE,QAAQ;MACvBC,UAAU,EAAE,QAAQ;MACpBC,cAAc,EAAE,QAAQ;MACxBL,KAAK,EAAE,MAAM;MACbO,QAAQ,EAAE;IACZ;EAAE,gBACAtC,MAAA,YAAAuB,aAAA;IAAKC,KAAK,EAAE;MAAC0B,MAAM,EAAE;IAAC;EAAE,gBACtBlD,MAAA,YAAAuB,aAAA,CAACpB,MAAA,WAAK;IAACgD,KAAK,EAAE1C;EAAa,CAAE,CAC1B,CACF,CAAC,gBAENT,MAAA,YAAAuB,aAAA;IAAKC,KAAK,EAAE;MACVyB,IAAI,EAAE,CAAC;MACPhB,OAAO,EAAE,MAAM;MACfC,aAAa,EAAE,QAAQ;MACvBC,UAAU,EAAE,QAAQ;MACpBC,cAAc,EAAE,QAAQ;MACxBL,KAAK,EAAE;IACT;EAAE,gBAEA/B,MAAA,YAAAuB,aAAA;IACE6B,OAAO,EAAExC,MAAO;IAChBY,KAAK,EAAE;MACLI,OAAO,EAAE,QAAQ;MACjBa,QAAQ,EAAE,EAAE;MACZf,YAAY,EAAE,EAAE;MAChBD,UAAU,EAAE,SAAS;MACrBH,KAAK,EAAE,MAAM;MACb+B,MAAM,EAAE,MAAM;MACdX,UAAU,EAAE,MAAM;MAClBY,MAAM,EAAE,SAAS;MACjB3B,SAAS,EAAE,iBAAiB;MAC5BmB,YAAY,EAAE,EAAE;MAChBH,aAAa,EAAE,CAAC;MAChBd,QAAQ,EAAE,GAAG;MACbE,KAAK,EAAE,GAAG;MACVgB,SAAS,EAAE,QAAQ;MACnBf,MAAM,EAAE;IACV;EAAE,GACH,MAEO,CAAC,eAGThC,MAAA,YAAAuB,aAAA;IACE6B,OAAO,EAAEvC,YAAa;IACtBW,KAAK,EAAE;MACLI,OAAO,EAAE,QAAQ;MACjBa,QAAQ,EAAE,EAAE;MACZf,YAAY,EAAE,EAAE;MAChBD,UAAU,EAAE,SAAS;MACrBH,KAAK,EAAE,MAAM;MACb+B,MAAM,EAAE,MAAM;MACdX,UAAU,EAAE,MAAM;MAClBY,MAAM,EAAE,SAAS;MACjB3B,SAAS,EAAE,iBAAiB;MAC5BmB,YAAY,EAAE,EAAE;MAChBH,aAAa,EAAE,CAAC;MAChBd,QAAQ,EAAE,GAAG;MACbE,KAAK,EAAE,GAAG;MACVgB,SAAS,EAAE,QAAQ;MACnBf,MAAM,EAAE;IACV;EAAE,GACH,aAEO,CAAC,eAGThC,MAAA,YAAAuB,aAAA;IACE6B,OAAO,EAAEtC,UAAW;IACpBU,KAAK,EAAE;MACLI,OAAO,EAAE,QAAQ;MACjBa,QAAQ,EAAE,EAAE;MACZf,YAAY,EAAE,EAAE;MAChBD,UAAU,EAAE,SAAS;MACrBH,KAAK,EAAE,MAAM;MACb+B,MAAM,EAAE,MAAM;MACdX,UAAU,EAAE,MAAM;MAClBY,MAAM,EAAE,SAAS;MACjB3B,SAAS,EAAE,iBAAiB;MAC5BmB,YAAY,EAAE,EAAE;MAChBH,aAAa,EAAE,CAAC;MAChBd,QAAQ,EAAE,GAAG;MACbE,KAAK,EAAE,GAAG;MACVgB,SAAS,EAAE,QAAQ;MACnBf,MAAM,EAAE;IACV;EAAE,GACH,WAEO,CAAC,eAGThC,MAAA,YAAAuB,aAAA;IAAKC,KAAK,EAAE;MACVC,UAAU,EAAE,MAAM;MAClBC,YAAY,EAAE,EAAE;MAChBE,OAAO,EAAE,WAAW;MACpBkB,YAAY,EAAE,EAAE;MAChBf,KAAK,EAAE;IACT;EAAE,gBACA/B,MAAA,YAAAuB,aAAA;IAAKC,KAAK,EAAE;MACVkB,UAAU,EAAE,MAAM;MAClBD,QAAQ,EAAE,EAAE;MACZK,YAAY,EAAE,CAAC;MACfxB,KAAK,EAAE;IACT;EAAE,GAAC,aAEE,CAAC,eACNtB,MAAA,YAAAuB,aAAA;IAAKC,KAAK,EAAE;MAACiB,QAAQ,EAAE,EAAE;MAAEnB,KAAK,EAAE;IAAM;EAAE,GACvCN,UAAU,CAACuC,GAAG,CAAC,UAACC,KAAK,EAAEC,KAAK;IAAA,oBAC3BzD,MAAA,YAAAuB,aAAA;MAAKH,GAAG,EAAEqC,KAAM;MAACjC,KAAK,EAAE;QACtBS,OAAO,EAAE,MAAM;QACfG,cAAc,EAAE,eAAe;QAC/BU,YAAY,EAAE,CAAC;QACfxB,KAAK,EAAEmC,KAAK,KAAK,CAAC,GAAG,SAAS,GAAG;MACnC;IAAE,gBACAzD,MAAA,YAAAuB,aAAA,eAAM,GAAC,EAACkC,KAAK,GAAG,CAAQ,CAAC,eACzBzD,MAAA,YAAAuB,aAAA,eAAOiC,KAAK,CAACE,cAAc,CAAC,CAAQ,CACjC,CAAC;EAAA,CACP,CACE,CACF,CAAC,eAGN1D,MAAA,YAAAuB,aAAA;IAAKC,KAAK,EAAE;MACVqB,SAAS,EAAE,EAAE;MACbJ,QAAQ,EAAE,EAAE;MACZnB,KAAK,EAAE,MAAM;MACboB,UAAU,EAAE,MAAM;MAClBjB,UAAU,EAAE,MAAM;MAClBC,YAAY,EAAE,EAAE;MAChBE,OAAO,EAAE,WAAW;MACpBK,OAAO,EAAE,MAAM;MACfC,aAAa,EAAE,QAAQ;MACvBC,UAAU,EAAE,QAAQ;MACpBwB,GAAG,EAAE,CAAC;MACN5B,KAAK,EAAE;IACT;EAAE,gBACA/B,MAAA,YAAAuB,aAAA;IAAKC,KAAK,EAAE;MAAEsB,YAAY,EAAE,CAAC;MAAExB,KAAK,EAAE;IAAU;EAAE,GAAC,WAAc,CAAC,eAClEtB,MAAA,YAAAuB,aAAA;IAAKC,KAAK,EAAE;MAAES,OAAO,EAAE,MAAM;MAAEC,aAAa,EAAE,QAAQ;MAAEyB,GAAG,EAAE,CAAC;MAAE5B,KAAK,EAAE;IAAO;EAAE,GAC7EZ,KAAK,CAACoC,GAAG,CAAC,UAAAK,IAAI;IAAA,oBACb5D,MAAA,YAAAuB,aAAA;MACEH,GAAG,EAAEwC,IAAI,CAACxC,GAAI;MACdI,KAAK,EAAE;QACLI,OAAO,EAAE,UAAU;QACnBa,QAAQ,EAAE,EAAE;QACZf,YAAY,EAAE,CAAC;QACfD,UAAU,EAAER,YAAY,KAAK2C,IAAI,CAACxC,GAAG,GAAGwC,IAAI,CAACtC,KAAK,GAAG,MAAM;QAC3DA,KAAK,EAAEL,YAAY,KAAK2C,IAAI,CAACxC,GAAG,GAAG,MAAM,GAAG,MAAM;QAClDiC,MAAM,EAAE,MAAM;QACdX,UAAU,EAAE,MAAM;QAClBY,MAAM,EAAE,SAAS;QACjBO,UAAU,EAAE,6BAA6B;QACzClC,SAAS,EAAEV,YAAY,KAAK2C,IAAI,CAACxC,GAAG,gBAAA0C,MAAA,CAAgBF,IAAI,CAACtC,KAAK,UAAO;MACvE,CAAE;MACF8B,OAAO,EAAE,SAATA,OAAOA,CAAA;QAAA,OAAQlC,YAAY,CAAC0C,IAAI,CAACxC,GAAG,CAAC;MAAA;IAAC,GAErCwC,IAAI,CAACvC,KACA,CAAC;EAAA,CACV,CACE,CACF,CACF,CAEJ,CAAC;AAEV,CAAC;AAAC,IAAA0C,QAAA,GAAAC,OAAA,cAEa1D,SAAS","ignoreList":[]},"all":true},"/Users/elias/Documents/GitHub/red-tetris/red_tetris_boilerplate/src/client/components/GameControls.js":{"path":"/Users/elias/Documents/GitHub/red-tetris/red_tetris_boilerplate/src/client/components/GameControls.js","statementMap":{"0":{"start":{"line":3,"column":0},"end":{"line":5,"column":3}},"1":{"start":{"line":6,"column":0},"end":{"line":6,"column":28}},"2":{"start":{"line":7,"column":13},"end":{"line":7,"column":53}},"3":{"start":{"line":8,"column":37},"end":{"line":8,"column":85}},"4":{"start":{"line":9,"column":19},"end":{"line":53,"column":1}},"5":{"start":{"line":10,"column":16},"end":{"line":10,"column":28}},"6":{"start":{"line":11,"column":13},"end":{"line":11,"column":24}},"7":{"start":{"line":12,"column":20},"end":{"line":12,"column":38}},"8":{"start":{"line":13,"column":13},"end":{"line":13,"column":24}},"9":{"start":{"line":14,"column":2},"end":{"line":14,"column":28}},"10":{"start":{"line":14,"column":16},"end":{"line":14,"column":28}},"11":{"start":{"line":15,"column":2},"end":{"line":52,"column":30}},"12":{"start":{"line":54,"column":15},"end":{"line":54,"column":48}}},"fnMap":{"0":{"name":"_interopRequireDefault","decl":{"start":{"line":8,"column":9},"end":{"line":8,"column":31}},"loc":{"start":{"line":8,"column":35},"end":{"line":8,"column":87}},"line":8},"1":{"name":"GameControls","decl":{"start":{"line":9,"column":28},"end":{"line":9,"column":40}},"loc":{"start":{"line":9,"column":47},"end":{"line":53,"column":1}},"line":9}},"branchMap":{"0":{"loc":{"start":{"line":8,"column":44},"end":{"line":8,"column":84}},"type":"cond-expr","locations":[{"start":{"line":8,"column":64},"end":{"line":8,"column":65}},{"start":{"line":8,"column":68},"end":{"line":8,"column":84}}],"line":8},"1":{"loc":{"start":{"line":8,"column":44},"end":{"line":8,"column":61}},"type":"binary-expr","locations":[{"start":{"line":8,"column":44},"end":{"line":8,"column":45}},{"start":{"line":8,"column":49},"end":{"line":8,"column":61}}],"line":8},"2":{"loc":{"start":{"line":14,"column":2},"end":{"line":14,"column":28}},"type":"if","locations":[{"start":{"line":14,"column":2},"end":{"line":14,"column":28}},{"start":{"line":14,"column":2},"end":{"line":14,"column":28}}],"line":14},"3":{"loc":{"start":{"line":29,"column":18},"end":{"line":29,"column":48}},"type":"cond-expr","locations":[{"start":{"line":29,"column":27},"end":{"line":29,"column":36}},{"start":{"line":29,"column":39},"end":{"line":29,"column":48}}],"line":29},"4":{"loc":{"start":{"line":37,"column":5},"end":{"line":37,"column":39}},"type":"cond-expr","locations":[{"start":{"line":37,"column":14},"end":{"line":37,"column":27}},{"start":{"line":37,"column":30},"end":{"line":37,"column":39}}],"line":37}},"s":{"0":0,"1":0,"2":0,"3":0,"4":0,"5":0,"6":0,"7":0,"8":0,"9":0,"10":0,"11":0,"12":0},"f":{"0":0,"1":0},"b":{"0":[0,0],"1":[0,0],"2":[0,0],"3":[0,0],"4":[0,0]},"inputSourceMap":{"version":3,"names":["_react","_interopRequireDefault","require","e","__esModule","GameControls","_ref","playing","paused","onTogglePause","onQuit","createElement","style","display","flexDirection","gap","marginTop","onClick","width","height","borderRadius","border","background","color","fontWeight","fontSize","cursor","transition","boxShadow","_default","exports"],"sourceRoot":"/Users/elias/Documents/GitHub/red-tetris/red_tetris_boilerplate/src/client/components/","sources":["GameControls.js"],"sourcesContent":["import React from 'react';\n\nconst GameControls = ({\n  playing,\n  paused,\n  onTogglePause,\n  onQuit\n}) => {\n  if (!playing) return null;\n\n  return (\n    <div style={{\n      display: 'flex',\n      flexDirection: 'column',\n      gap: 6,\n      marginTop: 12\n    }}>\n      <button\n        onClick={onTogglePause}\n        style={{\n          width: 120,\n          height: 28,\n          borderRadius: 8,\n          border: 'none',\n          background: paused ? '#4CAF50' : '#FF9800',\n          color: 'white',\n          fontWeight: 'bold',\n          fontSize: 12,\n          cursor: 'pointer',\n          transition: 'all 0.2s ease',\n          boxShadow: '0 2px 8px rgba(0,0,0,0.3)'\n        }}\n      >\n        {paused ? '▶ REPRENDRE' : '⏸ PAUSE'}\n      </button>\n      \n      <button\n        onClick={onQuit}\n        style={{\n          width: 120,\n          height: 28,\n          borderRadius: 8,\n          border: 'none',\n          background: '#f44336',\n          color: 'white',\n          fontWeight: 'bold',\n          fontSize: 12,\n          cursor: 'pointer',\n          transition: 'all 0.2s ease',\n          boxShadow: '0 2px 8px rgba(0,0,0,0.3)'\n        }}\n      >\n        🚪 QUITTER\n      </button>\n    </div>\n  );\n};\n\nexport default GameControls;\n"],"mappings":";;;;;;AAAA,IAAAA,MAAA,GAAAC,sBAAA,CAAAC,OAAA;AAA0B,SAAAD,uBAAAE,CAAA,WAAAA,CAAA,IAAAA,CAAA,CAAAC,UAAA,GAAAD,CAAA,gBAAAA,CAAA;AAE1B,IAAME,YAAY,GAAG,SAAfA,YAAYA,CAAAC,IAAA,EAKZ;EAAA,IAJJC,OAAO,GAAAD,IAAA,CAAPC,OAAO;IACPC,MAAM,GAAAF,IAAA,CAANE,MAAM;IACNC,aAAa,GAAAH,IAAA,CAAbG,aAAa;IACbC,MAAM,GAAAJ,IAAA,CAANI,MAAM;EAEN,IAAI,CAACH,OAAO,EAAE,OAAO,IAAI;EAEzB,oBACEP,MAAA,YAAAW,aAAA;IAAKC,KAAK,EAAE;MACVC,OAAO,EAAE,MAAM;MACfC,aAAa,EAAE,QAAQ;MACvBC,GAAG,EAAE,CAAC;MACNC,SAAS,EAAE;IACb;EAAE,gBACAhB,MAAA,YAAAW,aAAA;IACEM,OAAO,EAAER,aAAc;IACvBG,KAAK,EAAE;MACLM,KAAK,EAAE,GAAG;MACVC,MAAM,EAAE,EAAE;MACVC,YAAY,EAAE,CAAC;MACfC,MAAM,EAAE,MAAM;MACdC,UAAU,EAAEd,MAAM,GAAG,SAAS,GAAG,SAAS;MAC1Ce,KAAK,EAAE,OAAO;MACdC,UAAU,EAAE,MAAM;MAClBC,QAAQ,EAAE,EAAE;MACZC,MAAM,EAAE,SAAS;MACjBC,UAAU,EAAE,eAAe;MAC3BC,SAAS,EAAE;IACb;EAAE,GAEDpB,MAAM,GAAG,aAAa,GAAG,SACpB,CAAC,eAETR,MAAA,YAAAW,aAAA;IACEM,OAAO,EAAEP,MAAO;IAChBE,KAAK,EAAE;MACLM,KAAK,EAAE,GAAG;MACVC,MAAM,EAAE,EAAE;MACVC,YAAY,EAAE,CAAC;MACfC,MAAM,EAAE,MAAM;MACdC,UAAU,EAAE,SAAS;MACrBC,KAAK,EAAE,OAAO;MACdC,UAAU,EAAE,MAAM;MAClBC,QAAQ,EAAE,EAAE;MACZC,MAAM,EAAE,SAAS;MACjBC,UAAU,EAAE,eAAe;MAC3BC,SAAS,EAAE;IACb;EAAE,GACH,sBAEO,CACL,CAAC;AAEV,CAAC;AAAC,IAAAC,QAAA,GAAAC,OAAA,cAEazB,YAAY","ignoreList":[]},"all":true},"/Users/elias/Documents/GitHub/red-tetris/red_tetris_boilerplate/src/client/components/GameHUD.js":{"path":"/Users/elias/Documents/GitHub/red-tetris/red_tetris_boilerplate/src/client/components/GameHUD.js","statementMap":{"0":{"start":{"line":3,"column":0},"end":{"line":5,"column":3}},"1":{"start":{"line":6,"column":0},"end":{"line":6,"column":28}},"2":{"start":{"line":7,"column":13},"end":{"line":7,"column":53}},"3":{"start":{"line":8,"column":13},"end":{"line":8,"column":31}},"4":{"start":{"line":9,"column":37},"end":{"line":9,"column":85}},"5":{"start":{"line":10,"column":14},"end":{"line":179,"column":1}},"6":{"start":{"line":11,"column":14},"end":{"line":11,"column":24}},"7":{"start":{"line":12,"column":12},"end":{"line":12,"column":22}},"8":{"start":{"line":13,"column":15},"end":{"line":13,"column":28}},"9":{"start":{"line":14,"column":14},"end":{"line":14,"column":26}},"10":{"start":{"line":15,"column":13},"end":{"line":15,"column":24}},"11":{"start":{"line":16,"column":20},"end":{"line":16,"column":38}},"12":{"start":{"line":17,"column":22},"end":{"line":17,"column":42}},"13":{"start":{"line":18,"column":20},"end":{"line":18,"column":38}},"14":{"start":{"line":19,"column":13},"end":{"line":19,"column":24}},"15":{"start":{"line":20,"column":23},"end":{"line":20,"column":44}},"16":{"start":{"line":21,"column":22},"end":{"line":21,"column":42}},"17":{"start":{"line":22,"column":20},"end":{"line":22,"column":38}},"18":{"start":{"line":23,"column":19},"end":{"line":37,"column":3}},"19":{"start":{"line":25,"column":4},"end":{"line":28,"column":5}},"20":{"start":{"line":26,"column":6},"end":{"line":26,"column":30}},"21":{"start":{"line":27,"column":6},"end":{"line":27,"column":58}},"22":{"start":{"line":31,"column":4},"end":{"line":33,"column":5}},"23":{"start":{"line":32,"column":6},"end":{"line":32,"column":50}},"24":{"start":{"line":36,"column":4},"end":{"line":36,"column":13}},"25":{"start":{"line":38,"column":2},"end":{"line":178,"column":32}},"26":{"start":{"line":180,"column":15},"end":{"line":180,"column":43}}},"fnMap":{"0":{"name":"_interopRequireDefault","decl":{"start":{"line":9,"column":9},"end":{"line":9,"column":31}},"loc":{"start":{"line":9,"column":35},"end":{"line":9,"column":87}},"line":9},"1":{"name":"GameHUD","decl":{"start":{"line":10,"column":23},"end":{"line":10,"column":30}},"loc":{"start":{"line":10,"column":37},"end":{"line":179,"column":1}},"line":10},"2":{"name":"handleQuit","decl":{"start":{"line":23,"column":28},"end":{"line":23,"column":38}},"loc":{"start":{"line":23,"column":41},"end":{"line":37,"column":3}},"line":23}},"branchMap":{"0":{"loc":{"start":{"line":9,"column":44},"end":{"line":9,"column":84}},"type":"cond-expr","locations":[{"start":{"line":9,"column":64},"end":{"line":9,"column":65}},{"start":{"line":9,"column":68},"end":{"line":9,"column":84}}],"line":9},"1":{"loc":{"start":{"line":9,"column":44},"end":{"line":9,"column":61}},"type":"binary-expr","locations":[{"start":{"line":9,"column":44},"end":{"line":9,"column":45}},{"start":{"line":9,"column":49},"end":{"line":9,"column":61}}],"line":9},"2":{"loc":{"start":{"line":25,"column":4},"end":{"line":28,"column":5}},"type":"if","locations":[{"start":{"line":25,"column":4},"end":{"line":28,"column":5}},{"start":{"line":25,"column":4},"end":{"line":28,"column":5}}],"line":25},"3":{"loc":{"start":{"line":25,"column":8},"end":{"line":25,"column":30}},"type":"binary-expr","locations":[{"start":{"line":25,"column":8},"end":{"line":25,"column":17}},{"start":{"line":25,"column":21},"end":{"line":25,"column":30}}],"line":25},"4":{"loc":{"start":{"line":31,"column":4},"end":{"line":33,"column":5}},"type":"if","locations":[{"start":{"line":31,"column":4},"end":{"line":33,"column":5}},{"start":{"line":31,"column":4},"end":{"line":33,"column":5}}],"line":31},"5":{"loc":{"start":{"line":31,"column":8},"end":{"line":31,"column":40}},"type":"binary-expr","locations":[{"start":{"line":31,"column":8},"end":{"line":31,"column":21}},{"start":{"line":31,"column":25},"end":{"line":31,"column":40}}],"line":31},"6":{"loc":{"start":{"line":118,"column":14},"end":{"line":118,"column":33}},"type":"cond-expr","locations":[{"start":{"line":118,"column":24},"end":{"line":118,"column":27}},{"start":{"line":118,"column":30},"end":{"line":118,"column":33}}],"line":118},"7":{"loc":{"start":{"line":140,"column":20},"end":{"line":140,"column":36}},"type":"cond-expr","locations":[{"start":{"line":140,"column":30},"end":{"line":140,"column":32}},{"start":{"line":140,"column":35},"end":{"line":140,"column":36}}],"line":140},"8":{"loc":{"start":{"line":147,"column":7},"end":{"line":178,"column":29}},"type":"binary-expr","locations":[{"start":{"line":147,"column":7},"end":{"line":147,"column":14}},{"start":{"line":147,"column":31},"end":{"line":178,"column":29}}],"line":147},"9":{"loc":{"start":{"line":154,"column":18},"end":{"line":154,"column":48}},"type":"cond-expr","locations":[{"start":{"line":154,"column":27},"end":{"line":154,"column":36}},{"start":{"line":154,"column":39},"end":{"line":154,"column":48}}],"line":154},"10":{"loc":{"start":{"line":163,"column":5},"end":{"line":163,"column":39}},"type":"cond-expr","locations":[{"start":{"line":163,"column":14},"end":{"line":163,"column":27}},{"start":{"line":163,"column":30},"end":{"line":163,"column":39}}],"line":163}},"s":{"0":0,"1":0,"2":0,"3":0,"4":0,"5":0,"6":0,"7":0,"8":0,"9":0,"10":0,"11":0,"12":0,"13":0,"14":0,"15":0,"16":0,"17":0,"18":0,"19":0,"20":0,"21":0,"22":0,"23":0,"24":0,"25":0,"26":0},"f":{"0":0,"1":0,"2":0},"b":{"0":[0,0],"1":[0,0],"2":[0,0],"3":[0,0],"4":[0,0],"5":[0,0],"6":[0,0],"7":[0,0],"8":[0,0],"9":[0,0],"10":[0,0]},"inputSourceMap":{"version":3,"names":["_react","_interopRequireDefault","require","_Board","e","__esModule","GameHUD","_ref","score","lines","nextType","playing","paused","isMultiplayer","currentPlayerId","onTogglePause","onQuit","updateHighScores","updateGameStats","socketService","handleQuit","sendGameOver","createElement","style","margin","display","flexDirection","gap","zIndex","width","height","background","borderRadius","boxShadow","alignItems","justifyContent","padding","fontWeight","fontSize","marginBottom","color","NextPiecePreview","type","Fragment","onClick","border","cursor","transition","_default","exports"],"sourceRoot":"/Users/elias/Documents/GitHub/red-tetris/red_tetris_boilerplate/src/client/components/","sources":["GameHUD.js"],"sourcesContent":["import React from 'react';\nimport { NextPiecePreview } from './Board';\n\nconst GameHUD = ({\n  score,\n  lines,\n  nextType,\n  playing,\n  paused,\n  isMultiplayer,\n  currentPlayerId,\n  onTogglePause,\n  onQuit,\n  updateHighScores,\n  updateGameStats,\n  socketService\n}) => {\n  const handleQuit = () => {\n    // Save score and stats before quitting\n    if (score > 0 || lines > 0) {\n      updateHighScores(score);\n      updateGameStats(score, lines, isMultiplayer, false);\n    }\n    \n    // If in multiplayer, send game-over to server to eliminate player\n    if (isMultiplayer && currentPlayerId) {\n      socketService.sendGameOver(currentPlayerId);\n    }\n    \n    // Call the onQuit callback\n    onQuit();\n  };\n\n  return (\n    <div style={{margin: 24, display: 'flex', flexDirection: 'column', gap: 48, zIndex: 2}}>\n      {/* Score/Level/Lines Panel */}\n      <div style={{\n        width: 160, \n        height: 160, \n        background: '#222', \n        borderRadius: 18, \n        boxShadow: '0 2px 12px #0008', \n        display: 'flex', \n        flexDirection: 'column', \n        alignItems: 'center', \n        justifyContent: 'flex-start', \n        padding: 16\n      }}>\n        <div style={{fontWeight: 'bold', fontSize: 22, marginBottom: 8}}>SCORE</div>\n        <div style={{\n          background: '#111', \n          borderRadius: 8, \n          width: 120, \n          height: 32, \n          marginBottom: 8, \n          color: '#FFD700', \n          fontSize: 20, \n          display: 'flex', \n          alignItems: 'center', \n          justifyContent: 'center'\n        }}>\n          {score}\n        </div>\n        <div style={{fontWeight: 'bold', fontSize: 18, marginBottom: 4}}>LEVEL</div>\n        <div style={{\n          background: '#111', \n          borderRadius: 8, \n          width: 120, \n          height: 24, \n          marginBottom: 8, \n          color: '#FFD700', \n          fontSize: 16, \n          display: 'flex', \n          alignItems: 'center', \n          justifyContent: 'center'\n        }}>\n          1\n        </div>\n        <div style={{fontWeight: 'bold', fontSize: 18, marginBottom: 4}}>LINES</div>\n        <div style={{\n          background: '#111', \n          borderRadius: 8, \n          width: 120, \n          height: 24, \n          color: '#FFD700', \n          fontSize: 16, \n          display: 'flex', \n          alignItems: 'center', \n          justifyContent: 'center'\n        }}>\n          {lines}\n        </div>\n      </div>\n      \n      {/* Next Panel en bas du score */}\n      <div style={{\n        width: 160, \n        height: playing ? 180 : 120, \n        background: '#222', \n        borderRadius: 18, \n        boxShadow: '0 2px 12px #0008', \n        display: 'flex', \n        flexDirection: 'column', \n        alignItems: 'center', \n        justifyContent: 'flex-start', \n        padding: 12\n      }}>\n        <div style={{fontWeight: 'bold', fontSize: 22, marginBottom: 8}}>NEXT</div>\n        <div style={{\n          background: '#111', \n          borderRadius: 8, \n          width: 120, \n          height: 80, \n          marginBottom: playing ? 12 : 0, \n          display: 'flex', \n          alignItems: 'center', \n          justifyContent: 'center'\n        }}>\n          <NextPiecePreview type={nextType} />\n        </div>\n        \n        {/* Boutons Pause et Quit - seulement quand on joue */}\n        {playing && (\n          <>\n            <button\n              onClick={onTogglePause}\n              style={{\n                width: 120,\n                height: 28,\n                borderRadius: 8,\n                border: 'none',\n                background: paused ? '#4CAF50' : '#FF9800',\n                color: 'white',\n                fontWeight: 'bold',\n                fontSize: 12,\n                cursor: 'pointer',\n                transition: 'all 0.2s ease',\n                boxShadow: '0 2px 8px rgba(0,0,0,0.3)',\n                marginBottom: 6\n              }}\n            >\n              {paused ? '▶ REPRENDRE' : '⏸ PAUSE'}\n            </button>\n            \n            <button\n              onClick={handleQuit}\n              style={{\n                width: 120,\n                height: 28,\n                borderRadius: 8,\n                border: 'none',\n                background: '#f44336',\n                color: 'white',\n                fontWeight: 'bold',\n                fontSize: 12,\n                cursor: 'pointer',\n                transition: 'all 0.2s ease',\n                boxShadow: '0 2px 8px rgba(0,0,0,0.3)'\n              }}\n            >\n              🚪 QUITTER\n            </button>\n          </>\n        )}\n      </div>\n    </div>\n  );\n};\n\nexport default GameHUD;\n"],"mappings":";;;;;;AAAA,IAAAA,MAAA,GAAAC,sBAAA,CAAAC,OAAA;AACA,IAAAC,MAAA,GAAAD,OAAA;AAA2C,SAAAD,uBAAAG,CAAA,WAAAA,CAAA,IAAAA,CAAA,CAAAC,UAAA,GAAAD,CAAA,gBAAAA,CAAA;AAE3C,IAAME,OAAO,GAAG,SAAVA,OAAOA,CAAAC,IAAA,EAaP;EAAA,IAZJC,KAAK,GAAAD,IAAA,CAALC,KAAK;IACLC,KAAK,GAAAF,IAAA,CAALE,KAAK;IACLC,QAAQ,GAAAH,IAAA,CAARG,QAAQ;IACRC,OAAO,GAAAJ,IAAA,CAAPI,OAAO;IACPC,MAAM,GAAAL,IAAA,CAANK,MAAM;IACNC,aAAa,GAAAN,IAAA,CAAbM,aAAa;IACbC,eAAe,GAAAP,IAAA,CAAfO,eAAe;IACfC,aAAa,GAAAR,IAAA,CAAbQ,aAAa;IACbC,MAAM,GAAAT,IAAA,CAANS,MAAM;IACNC,gBAAgB,GAAAV,IAAA,CAAhBU,gBAAgB;IAChBC,eAAe,GAAAX,IAAA,CAAfW,eAAe;IACfC,aAAa,GAAAZ,IAAA,CAAbY,aAAa;EAEb,IAAMC,UAAU,GAAG,SAAbA,UAAUA,CAAA,EAAS;IACvB;IACA,IAAIZ,KAAK,GAAG,CAAC,IAAIC,KAAK,GAAG,CAAC,EAAE;MAC1BQ,gBAAgB,CAACT,KAAK,CAAC;MACvBU,eAAe,CAACV,KAAK,EAAEC,KAAK,EAAEI,aAAa,EAAE,KAAK,CAAC;IACrD;;IAEA;IACA,IAAIA,aAAa,IAAIC,eAAe,EAAE;MACpCK,aAAa,CAACE,YAAY,CAACP,eAAe,CAAC;IAC7C;;IAEA;IACAE,MAAM,CAAC,CAAC;EACV,CAAC;EAED,oBACEhB,MAAA,YAAAsB,aAAA;IAAKC,KAAK,EAAE;MAACC,MAAM,EAAE,EAAE;MAAEC,OAAO,EAAE,MAAM;MAAEC,aAAa,EAAE,QAAQ;MAAEC,GAAG,EAAE,EAAE;MAAEC,MAAM,EAAE;IAAC;EAAE,gBAErF5B,MAAA,YAAAsB,aAAA;IAAKC,KAAK,EAAE;MACVM,KAAK,EAAE,GAAG;MACVC,MAAM,EAAE,GAAG;MACXC,UAAU,EAAE,MAAM;MAClBC,YAAY,EAAE,EAAE;MAChBC,SAAS,EAAE,kBAAkB;MAC7BR,OAAO,EAAE,MAAM;MACfC,aAAa,EAAE,QAAQ;MACvBQ,UAAU,EAAE,QAAQ;MACpBC,cAAc,EAAE,YAAY;MAC5BC,OAAO,EAAE;IACX;EAAE,gBACApC,MAAA,YAAAsB,aAAA;IAAKC,KAAK,EAAE;MAACc,UAAU,EAAE,MAAM;MAAEC,QAAQ,EAAE,EAAE;MAAEC,YAAY,EAAE;IAAC;EAAE,GAAC,OAAU,CAAC,eAC5EvC,MAAA,YAAAsB,aAAA;IAAKC,KAAK,EAAE;MACVQ,UAAU,EAAE,MAAM;MAClBC,YAAY,EAAE,CAAC;MACfH,KAAK,EAAE,GAAG;MACVC,MAAM,EAAE,EAAE;MACVS,YAAY,EAAE,CAAC;MACfC,KAAK,EAAE,SAAS;MAChBF,QAAQ,EAAE,EAAE;MACZb,OAAO,EAAE,MAAM;MACfS,UAAU,EAAE,QAAQ;MACpBC,cAAc,EAAE;IAClB;EAAE,GACC3B,KACE,CAAC,eACNR,MAAA,YAAAsB,aAAA;IAAKC,KAAK,EAAE;MAACc,UAAU,EAAE,MAAM;MAAEC,QAAQ,EAAE,EAAE;MAAEC,YAAY,EAAE;IAAC;EAAE,GAAC,OAAU,CAAC,eAC5EvC,MAAA,YAAAsB,aAAA;IAAKC,KAAK,EAAE;MACVQ,UAAU,EAAE,MAAM;MAClBC,YAAY,EAAE,CAAC;MACfH,KAAK,EAAE,GAAG;MACVC,MAAM,EAAE,EAAE;MACVS,YAAY,EAAE,CAAC;MACfC,KAAK,EAAE,SAAS;MAChBF,QAAQ,EAAE,EAAE;MACZb,OAAO,EAAE,MAAM;MACfS,UAAU,EAAE,QAAQ;MACpBC
[...]
2},"end":{"line":15,"column":30}},"20":{"start":{"line":16,"column":4},"end":{"line":16,"column":39}},"21":{"start":{"line":17,"column":4},"end":{"line":17,"column":44}},"22":{"start":{"line":18,"column":4},"end":{"line":18,"column":47}},"23":{"start":{"line":24,"column":12},"end":{"line":24,"column":91}},"24":{"start":{"line":25,"column":12},"end":{"line":25,"column":25}},"25":{"start":{"line":26,"column":2},"end":{"line":31,"column":3}},"26":{"start":{"line":26,"column":15},"end":{"line":26,"column":29}},"27":{"start":{"line":27,"column":12},"end":{"line":27,"column":39}},"28":{"start":{"line":28,"column":15},"end":{"line":28,"column":31}},"29":{"start":{"line":29,"column":4},"end":{"line":29,"column":21}},"30":{"start":{"line":30,"column":4},"end":{"line":30,"column":21}},"31":{"start":{"line":32,"column":2},"end":{"line":32,"column":13}},"32":{"start":{"line":37,"column":12},"end":{"line":37,"column":63}},"33":{"start":{"line":38,"column":2},"end":{"line":38,"column":39}},"34":{"start":{"line":48,"column":17},"end":{"line":48,"column":19}},"35":{"start":{"line":49,"column":17},"end":{"line":49,"column":38}},"36":{"start":{"line":50,"column":2},"end":{"line":55,"column":3}},"37":{"start":{"line":50,"column":15},"end":{"line":50,"column":16}},"38":{"start":{"line":52,"column":18},"end":{"line":52,"column":66}},"39":{"start":{"line":53,"column":14},"end":{"line":53,"column":34}},"40":{"start":{"line":54,"column":4},"end":{"line":54,"column":59}},"41":{"start":{"line":56,"column":2},"end":{"line":56,"column":35}},"42":{"start":{"line":66,"column":15},"end":{"line":66,"column":86}},"43":{"start":{"line":68,"column":13},"end":{"line":68,"column":14}},"44":{"start":{"line":69,"column":2},"end":{"line":71,"column":3}},"45":{"start":{"line":69,"column":15},"end":{"line":69,"column":16}},"46":{"start":{"line":70,"column":4},"end":{"line":70,"column":44}},"47":{"start":{"line":75,"column":22},"end":{"line":75,"column":63}},"48":{"start":{"line":76,"column":2},"end":{"line":76,"column":44}},"49":{"start":{"line":77,"column":2},"end":{"line":77,"column":45}},"50":{"start":{"line":89,"column":17},"end":{"line":89,"column":43}},"51":{"start":{"line":90,"column":22},"end":{"line":90,"column":36}},"52":{"start":{"line":93,"column":13},"end":{"line":93,"column":14}},"53":{"start":{"line":94,"column":2},"end":{"line":96,"column":3}},"54":{"start":{"line":94,"column":15},"end":{"line":94,"column":16}},"55":{"start":{"line":95,"column":4},"end":{"line":95,"column":44}},"56":{"start":{"line":97,"column":22},"end":{"line":97,"column":63}},"57":{"start":{"line":98,"column":2},"end":{"line":98,"column":62}},"58":{"start":{"line":101,"column":12},"end":{"line":101,"column":29}},"59":{"start":{"line":102,"column":2},"end":{"line":102,"column":28}},"60":{"start":{"line":113,"column":18},"end":{"line":113,"column":88}},"61":{"start":{"line":114,"column":15},"end":{"line":114,"column":17}},"62":{"start":{"line":115,"column":2},"end":{"line":117,"column":3}},"63":{"start":{"line":115,"column":15},"end":{"line":115,"column":16}},"64":{"start":{"line":116,"column":4},"end":{"line":116,"column":57}},"65":{"start":{"line":118,"column":2},"end":{"line":118,"column":16}},"66":{"start":{"line":120,"column":0},"end":{"line":127,"column":2}}},"fnMap":{"0":{"name":"_toConsumableArray","decl":{"start":{"line":3,"column":9},"end":{"line":3,"column":27}},"loc":{"start":{"line":3,"column":31},"end":{"line":3,"column":145}},"line":3},"1":{"name":"_nonIterableSpread","decl":{"start":{"line":4,"column":9},"end":{"line":4,"column":27}},"loc":{"start":{"line":4,"column":30},"end":{"line":4,"column":190}},"line":4},"2":{"name":"_unsupportedIterableToArray","decl":{"start":{"line":5,"column":9},"end":{"line":5,"column":36}},"loc":{"start":{"line":5,"column":43},"end":{"line":5,"column":378}},"line":5},"3":{"name":"_iterableToArray","decl":{"start":{"line":6,"column":9},"end":{"line":6,"column":25}},"loc":{"start":{"line":6,"column":29},"end":{"line":6,"column":145}},"line":6},"4":{"name":"_arrayWithoutHoles","decl":{"start":{"line":7,"column":9},"end":{"line":7,"column":27}},"loc":{"start":{"line":7,"column":31},"end":{"line":7,"column":85}},"line":7},"5":{"name":"_arrayLikeToArray","decl":{"start":{"line":8,"column":9},"end":{"line":8,"column":26}},"loc":{"start":{"line":8,"column":33},"end":{"line":8,"column":148}},"line":8},"6":{"name":"mulberry32","decl":{"start":{"line":13,"column":9},"end":{"line":13,"column":19}},"loc":{"start":{"line":13,"column":26},"end":{"line":20,"column":1}},"line":13},"7":{"name":"(anonymous_7)","decl":{"start":{"line":14,"column":9},"end":{"line":14,"column":10}},"loc":{"start":{"line":14,"column":21},"end":{"line":19,"column":3}},"line":14},"8":{"name":"shuffle","decl":{"start":{"line":23,"column":9},"end":{"line":23,"column":16}},"loc":{"start":{"line":23,"column":24},"end":{"line":33,"column":1}},"line":23},"9":{"name":"generateBag","decl":{"start":{"line":36,"column":9},"end":{"line":36,"column":20}},"loc":{"start":{"line":36,"column":27},"end":{"line":39,"column":1}},"line":36},"10":{"name":"generatePieceSequence","decl":{"start":{"line":47,"column":9},"end":{"line":47,"column":30}},"loc":{"start":{"line":47,"column":45},"end":{"line":57,"column":1}},"line":47},"11":{"name":"createGameSequence","decl":{"start":{"line":65,"column":9},"end":{"line":65,"column":27}},"loc":{"start":{"line":65,"column":36},"end":{"line":78,"column":1}},"line":65},"12":{"name":"getPieceAtIndex","decl":{"start":{"line":87,"column":9},"end":{"line":87,"column":24}},"loc":{"start":{"line":87,"column":45},"end":{"line":103,"column":1}},"line":87},"13":{"name":"generatePieceBatch","decl":{"start":{"line":112,"column":9},"end":{"line":112,"column":27}},"loc":{"start":{"line":112,"column":48},"end":{"line":119,"column":1}},"line":112}},"branchMap":{"0":{"loc":{"start":{"line":3,"column":40},"end":{"line":3,"column":142}},"type":"binary-expr","locations":[{"start":{"line":3,"column":40},"end":{"line":3,"column":61}},{"start":{"line":3,"column":65},"end":{"line":3,"column":84}},{"start":{"line":3,"column":88},"end":{"line":3,"column":118}},{"start":{"line":3,"column":122},"end":{"line":3,"column":142}}],"line":3},"1":{"loc":{"start":{"line":5,"column":45},"end":{"line":5,"column":376}},"type":"if","locations":[{"start":{"line":5,"column":45},"end":{"line":5,"column":376}},{"start":{"line":5,"column":45},"end":{"line":5,"column":376}}],"line":5},"2":{"loc":{"start":{"line":5,"column":54},"end":{"line":5,"column":111}},"type":"if","locations":[{"start":{"line":5,"column":54},"end":{"line":5,"column":111}},{"start":{"line":5,"column":54},"end":{"line":5,"column":111}}],"line":5},"3":{"loc":{"start":{"line":5,"column":161},"end":{"line":5,"column":220}},"type":"binary-expr","locations":[{"start":{"line":5,"column":161},"end":{"line":5,"column":175}},{"start":{"line":5,"column":179},"end":{"line":5,"column":192}},{"start":{"line":5,"column":197},"end":{"line":5,"column":219}}],"line":5},"4":{"loc":{"start":{"line":5,"column":222},"end":{"line":5,"column":373}},"type":"cond-expr","locations":[{"start":{"line":5,"column":251},"end":{"line":5,"column":264}},{"start":{"line":5,"column":267},"end":{"line":5,"column":373}}],"line":5},"5":{"loc":{"start":{"line":5,"column":222},"end":{"line":5,"column":248}},"type":"binary-expr","locations":[{"start":{"line":5,"column":222},"end":{"line":5,"column":233}},{"start":{"line":5,"column":237},"end":{"line":5,"column":248}}],"line":5},"6":{"loc":{"start":{"line":5,"column":267},"end":{"line":5,"column":373}},"type":"cond-expr","locations":[{"start":{"line":5,"column":341},"end":{"line":5,"column":364}},{"start":{"line":5,"column":367},"end":{"line":5,"column":373}}],"line":5},"7":{"loc":{"start":{"line":5,"column":267},"end":{"line":5,"column":338}},"type":"binary-expr","locations":[{"start":{"line":5,"column":267},"end":{"line":5,"column":284}},{"start":{"line":5,"column":288},"end":{"line":5,"column":338}}],"line":5},"8":{"loc":{"start":{"line":6,"column":31},"end":{"line":6,"column":143}},"type":"if","locations":[{"start":{"line":6,"column":31},"end":{"line":6,"column":143}},{"start":{"line":6,"column":31},"end":{"line":6,"column":143}}],"line":6},"9":{"loc":{"start":{"line":6,"column":35},"end":{"line":6,"column":120}},"type":"binary-expr","locations":[{"start":{"line":6,"column":35},"end":{"line":6,"column":63}},{"start":{"line":6,"column":67},"end":{"line":6,"column":93}},{"start":{"line":6,"column":97},"end":{"line":6,"column":120}}],"line":6},"10":{"loc":{"start":{"line":7,"column":33},"end":{"line":7,"column":83}},"type":"if","locations":[{"start":{"line":7,"column":33},"end":{"line":7,"column":83}},{"start":{"line":7,"column":33},"end":{"line":7,"column":83}}],"line":7},"11":{"loc":{"start":{"line":8,"column":35},"end":{"line":8,"column":80}},"type":"binary-expr","locations":[{"start":{"line":8,"column":36},"end":{"line":8,"column":45}},{"start":{"line":8,"column":49},"end":{"line":8,"column":61}},{"start":{"line":8,"column":67},"end":{"line":8,"column":79}}],"line":8},"12":{"loc":{"start":{"line":24,"column":12},"end":{"line":24,"column":91}},"type":"cond-expr","locations":[{"start":{"line":24,"column":65},"end":{"line":24,"column":77}},{"start":{"line":24,"column":80},"end":{"line":24,"column":91}}],"line":24},"13":{"loc":{"start":{"line":24,"column":12},"end":{"line":24,"column":62}},"type":"binary-expr","locations":[{"start":{"line":24,"column":12},"end":{"line":24,"column":32}},{"start":{"line":24,"column":36},"end":{"line":24,"column":62}}],"line":24},"14":{"loc":{"start":{"line":37,"column":12},"end":{"line":37,"column":63}},"type":"cond-expr","locations":[{"start":{"line":37,"column":33},"end":{"line":37,"column":49}},{"start":{"line":37,"column":52},"end":{"line":37,"column":63}}],"line":37},"15":{"loc":{"start":{"line":52,"column":18},"end":{"line":52,"column":66}},"type":"cond-expr","locations":[{"start":{"line":52,"column":39},"end":{"line":52,"column":54}},{"start":{"line":52,"column":57},"end":{"line":52,"column":66}}],"line":52},"16":{"loc":{"start":{"line":66,"column":15},"end":{"line":66,"column":86}},"type":"cond-expr","locations":[{"start":{"line":66,"column":68},"end":{"line":66,"column":80}},{"start":{"line":66,"column":83},"end":{"line":66,"column":86}}],"line":66},"17":{"loc":{"start":{"line":66,"column":15},"end":{"line":66,"column":65}},"type":"binary-expr","locations":[{"start":{"line":66,"column":15},"end":{"line":66,"column":35}},{"start":{"line":66,"column":39},"end":{"line":66,"column":65}}],"line":66},"18":{"loc":{"start":{"line":113,"column":18},"end":{"line":113,"column":88}},"type":"cond-expr","locations":[{"start":{"line":113,"column":71},"end":{"line":113,"column":83}},{"start":{"line":113,"column":86},"end":{"line":113,"column":88}}],"line":113},"19":{"loc":{"start":{"line":113,"column":18},"end":{"line":113,"column":68}},"type":"binary-expr","locations":[{"start":{"line":113,"column":18},"end":{"line":113,"column":38}},{"start":{"line":113,"column":42},"end":{"line":113,"column":68}}],"line":113}},"s":{"0":0,"1":0,"2":0,"3":0,"4":0,"5":0,"6":0,"7":0,"8":0,"9":0,"10":0,"11":0,"12":0,"13":0,"14":0,"15":0,"16":0,"17":0,"18":0,"19":0,"20":0,"21":0,"22":0,"23":0,"24":0,"25":0,"26":0,"27":0,"28":0,"29":0,"30":0,"31":0,"32":0,"33":0,"34":0,"35":0,"36":0,"37":0,"38":0,"39":0,"40":0,"41":0,"42":0,"43":0,"44":0,"45":0,"46":0,"47":0,"48":0,"49":0,"50":0,"51":0,"52":0,"53":0,"54":0,"55":0,"56":0,"57":0,"58":0,"59":0,"60":0,"61":0,"62":0,"63":0,"64":0,"65":0,"66":0},"f":{"0":0,"1":0,"2":0,"3":0,"4":0,"5":0,"6":0,"7":0,"8":0,"9":0,"10":0,"11":0,"12":0,"13":0},"b":{"0":[0,0,0,0],"1":[0,0],"2":[0,0],"3":[0,0,0],"4":[0,0],"5":[0,0],"6":[0,0],"7":[0,0],"8":[0,0],"9":[0,0,0],"10":[0,0],"11":[0,0,0],"12":[0,0],"13":[0,0],"14":[0,0],"15":[0,0],"16":[0,0],"17":[0,0],"18":[0,0],"19":[0,0]},"inputSourceMap":{"version":3,"names":["TETROMINO_TYPES","mulberry32","seed","t","Math","imul","shuffle","array","rng","arguments","length","undefined","random","arr","slice","i","j","floor","_ref","generateBag","generatePieceSequence","sequence","bagCount","ceil","bagSeed","bag","push","apply","_toConsumableArray","createGameSequence","roomId","charCodeAt","hourTimestamp","Date","now","getPieceAtIndex","pieceIndex","bagIndex","positionInBag","generatePieceBatch","startIndex","batchSize","pieces","module","exports"],"sourceRoot":"/Users/elias/Documents/GitHub/red-tetris/red_tetris_boilerplate/src/server/utils/","sources":["pieceGenerator.js"],"sourcesContent":["// Server-side piece generation utilities\nconst TETROMINO_TYPES = ['I', 'O', 'T', 'S', 'Z', 'J', 'L'];\n\n// Simple seeded PRNG (mulberry32) for deterministic generation\nfunction mulberry32(seed) {\n  return function() {\n    let t = seed += 0x6D2B79F5;\n    t = Math.imul(t ^ t >>> 15, t | 1);\n    t ^= t + Math.imul(t ^ t >>> 7, t | 61);\n    return ((t ^ t >>> 14) >>> 0) / 4294967296;\n  };\n}\n\n// Fisher-Yates shuffle with seeded PRNG\nfunction shuffle(array, rng = Math.random) {\n  const arr = array.slice();\n  for (let i = arr.length - 1; i > 0; i--) {\n    const j = Math.floor(rng() * (i + 1));\n    [arr[i], arr[j]] = [arr[j], arr[i]];\n  }\n  return arr;\n}\n\n// 7-bag system: generates a bag with all 7 pieces shuffled\nfunction generateBag(seed) {\n  const rng = seed !== undefined ? mulberry32(seed) : Math.random;\n  return shuffle(TETROMINO_TYPES, rng);\n}\n\n/**\n * Generates a deterministic piece sequence using 7-bag system\n * @param {number} length - Number of pieces to generate\n * @param {number} seed - Seed for deterministic generation\n * @returns {string[]} Array of piece types\n */\nfunction generatePieceSequence(length, seed) {\n  const sequence = [];\n  let bagCount = Math.ceil(length / 7);\n  \n  for (let i = 0; i < bagCount; i++) {\n    // Use different seed for each bag to maintain randomness while keeping determinism\n    const bagSeed = seed !== undefined ? seed + i * 1000 : undefined;\n    const bag = generateBag(bagSeed);\n    sequence.push(...bag);\n  }\n  \n  return sequence.slice(0, length);\n}\n\n/**\n * Creates a game-specific piece sequence with room ID as seed\n * @param {string} roomId - Room identifier to use as seed base\n * @param {number} length - Number of pieces to generate (default: 200)\n * @returns {string[]} Deterministic piece sequence for the room\n */\nfunction createGameSequence(roomId, length = 200) {\n  // Convert roomId to a numeric seed\n  let seed = 0;\n  for (let i = 0; i < roomId.length; i++) {\n    seed = seed * 31 + roomId.charCodeAt(i);\n  }\n  \n  // Add timestamp component to make sequences unique per game session\n  // But round to hour to allow some reproducibility for testing\n  const hourTimestamp = Math.floor(Date.now() / (1000 * 60 * 60));\n  seed = seed * 1000 + (hourTimestamp % 1000);\n  \n  return generatePieceSequence(length, seed);\n}\n\n/**\n * Generate a specific piece at a given index for a room\n * This is more memory efficient than pre-generating 1000 pieces\n * @param {string} roomId - Room identifier\n * @param {number} pieceIndex - Index of the piece to generate\n * @returns {string} The piece type at that index\n */\nfunction getPieceAtIndex(roomId, pieceIndex) {\n  // Calculate which bag and position within bag\n  const bagIndex = Math.floor(pieceIndex / 7);\n  const positionInBag = pieceIndex % 7;\n  \n  // Generate seed for this specific bag\n  let seed = 0;\n  for (let i = 0; i < roomId.length; i++) {\n    seed = seed * 31 + roomId.charCodeAt(i);\n  }\n  \n  const hourTimestamp = Math.floor(Date.now() / (1000 * 60 * 60));\n  seed = seed * 1000 + (hourTimestamp % 1000) + bagIndex * 1000;\n  \n  // Generate only the bag we need\n  const bag = generateBag(seed);\n  return bag[positionInBag];\n}\n\n/**\n * Generate pieces in batches to balance memory vs network efficiency\n * @param {string} roomId - Room identifier\n * @param {number} startIndex - Starting piece index\n * @param {number} batchSize - Number of pieces to generate (default: 50)\n * @returns {string[]} Array of piece types\n */\nfunction generatePieceBatch(roomId, startIndex, batchSize = 50) {\n  const pieces = [];\n  for (let i = 0; i < batchSize; i++) {\n    pieces.push(getPieceAtIndex(roomId, startIndex + i));\n  }\n  return pieces;\n}\n\nmodule.exports = {\n  generatePieceSequence,\n  createGameSequence,\n  generateBag,\n  getPieceAtIndex,\n  generatePieceBatch,\n  TETROMINO_TYPES\n};"],"mappings":";;;;;;;;AAAA;AACA,IAAMA,eAAe,GAAG,CAAC,GAAG,EAAE,GAAG,EAAE,GAAG,EAAE,GAAG,EAAE,GAAG,EAAE,GAAG,EAAE,GAAG,CAAC;;AAE3D;AACA,SAASC,UAAUA,CAACC,IAAI,EAAE;EACxB,OAAO,YAAW;IAChB,IAAIC,CAAC,GAAGD,IAAI,IAAI,UAAU;IAC1BC,CAAC,GAAGC,IAAI,CAACC,IAAI,CAACF,CAAC,GAAGA,CAAC,KAAK,EAAE,EAAEA,CAAC,GAAG,CAAC,CAAC;IAClCA,CAAC,IAAIA,CAAC,GAAGC,IAAI,CAACC,IAAI,CAACF,CAAC,GAAGA,CAAC,KAAK,CAAC,EAAEA,CAAC,GAAG,EAAE,CAAC;IACvC,OAAO,CAAC,CAACA,CAAC,GAAGA,CAAC,KAAK,EAAE,MAAM,CAAC,IAAI,UAAU;EAC5C,CAAC;AACH;;AAEA;AACA,SAASG,OAAOA,CAACC,KAAK,EAAqB;EAAA,IAAnBC,GAAG,GAAAC,SAAA,CAAAC,MAAA,QAAAD,SAAA,QAAAE,SAAA,GAAAF,SAAA,MAAGL,IAAI,CAACQ,MAAM;EACvC,IAAMC,GAAG,GAAGN,KAAK,CAACO,KAAK,CAAC,CAAC;EACzB,KAAK,IAAIC,CAAC,GAAGF,GAAG,CAACH,MAAM,GAAG,CAAC,EAAEK,CAAC,GAAG,CAAC,EAAEA,CAAC,EAAE,EAAE;IACvC,IAAMC,CAAC,GAAGZ,IAAI,CAACa,KAAK,CAACT,GAAG,CAAC,CAAC,IAAIO,CAAC,GAAG,CAAC,CAAC,CAAC;IAAC,IAAAG,IAAA,GACnB,CAACL,GAAG,CAACG,CAAC,CAAC,EAAEH,GAAG,CAACE,CAAC,CAAC,CAAC;IAAlCF,GAAG,CAACE,CAAC,CAAC,GAAAG,IAAA;IAAEL,GAAG,CAACG,CAAC,CAAC,GAAAE,IAAA;EACjB;EACA,OAAOL,GAAG;AACZ;;AAEA;AACA,SAASM,WAAWA,CAACjB,IAAI,EAAE;EACzB,IAAMM,GAAG,GAAGN,IAAI,KAAKS,SAAS,GAAGV,UAAU,CAACC,IAAI,CAAC,GAAGE,IAAI,CAACQ,MAAM;EAC/D,OAAON,OAAO,CAACN,eAAe,EAAEQ,GAAG,CAAC;AACtC;;AAEA;AACA;AACA;AACA;AACA;AACA;AACA,SAASY,qBAAqBA,CAACV,MAAM,EAAER,IAAI,EAAE;EAC3C,IAAMmB,QAAQ,GAAG,EAAE;EACnB,IAAIC,QAAQ,GAAGlB,IAAI,CAACmB,IAAI,CAACb,MAAM,GAAG,CAAC,CAAC;EAEpC,KAAK,IAAIK,CAAC,GAAG,CAAC,EAAEA,CAAC,GAAGO,QAAQ,EAAEP,CAAC,EAAE,EAAE;IACjC;IACA,IAAMS,OAAO,GAAGtB,IAAI,KAAKS,SAAS,GAAGT,IAAI,GAAGa,CAAC,GAAG,IAAI,GAAGJ,SAAS;IAChE,IAAMc,GAAG,GAAGN,WAAW,CAACK,OAAO,CAAC;IAChCH,QAAQ,CAACK,IAAI,CAAAC,KAAA,CAAbN,QAAQ,EAAAO,kBAAA,CAASH,GAAG,EAAC;EACvB;EAEA,OAAOJ,QAAQ,CAACP,KAAK,CAAC,CAAC,EAAEJ,MAAM,CAAC;AAClC;;AAEA;AACA;AACA;AACA;AACA;AACA;AACA,SAASmB,kBAAkBA,CAACC,MAAM,EAAgB;EAAA,IAAdpB,MAAM,GAAAD,SAAA,CAAAC,MAAA,QAAAD,SAAA,QAAAE,SAAA,GAAAF,SAAA,MAAG,GAAG;EAC9C;EACA,IAAIP,IAAI,GAAG,CAAC;EACZ,KAAK,IAAIa,CAAC,GAAG,CAAC,EAAEA,CAAC,GAAGe,MAAM,CAACpB,MAAM,EAAEK,CAAC,EAAE,EAAE;IACtCb,IAAI,GAAGA,IAAI,GAAG,EAAE,GAAG4B,MAAM,CAACC,UAAU,CAAChB,CAAC,CAAC;EACzC;;EAEA;EACA;EACA,IAAMiB,aAAa,GAAG5B,IAAI,CAACa,KAAK,CAACgB,IAAI,CAACC,GAAG,CAAC,CAAC,IAAI,IAAI,GAAG,EAAE,GAAG,EAAE,CAAC,CAAC;EAC/DhC,IAAI,GAAGA,IAAI,GAAG,IAAI,GAAI8B,aAAa,GAAG,IAAK;EAE3C,OAAOZ,qBAAqB,CAACV,MAAM,EAAER,IAAI,CAAC;AAC5C;;AAEA;AACA;AACA;AACA;AACA;AACA;AACA;AACA,SAASiC,eAAeA,CAACL,MAAM,EAAEM,UAAU,EAAE;EAC3C;EACA,IAAMC,QAAQ,GAAGjC,IAAI,CAACa,KAAK,CAACmB,UAAU,GAAG,CAAC,CAAC;EAC3C,IAAME,aAAa,GAAGF,UAAU,GAAG,CAAC;;EAEpC;EACA,IAAIlC,IAAI,GAAG,CAAC;EACZ,KAAK,IAAIa,CAAC,GAAG,CAAC,EAAEA,CAAC,GAAGe,MAAM,CAACpB,MAAM,EAAEK,CAAC,EAAE,EAAE;IACtCb,IAAI,GAAGA,IAAI,GAAG,EAAE,GAAG4B,MAAM,CAACC,UAAU,CAAChB,CAAC,CAAC;EACzC;EAEA,IAAMiB,aAAa,GAAG5B,IAAI,CAACa,KAAK,CAACgB,IAAI,CAACC,GAAG,CAAC,CAAC,IAAI,IAAI,GAAG,EAAE,GAAG,EAAE,CAAC,CAAC;EAC/DhC,IAAI,GAAGA,IAAI,GAAG,IAAI,GAAI8B,aAAa,GAAG,IAAK,GAAGK,QAAQ,GAAG,IAAI;;EAE7D;EACA,IAAMZ,GAAG,GAAGN,WAAW,CAACjB,IAAI,CAAC;EAC7B,OAAOuB,GAAG,CAACa,aAAa,CAAC;AAC3B;;AAEA;AACA;AACA;AACA;AACA;AACA;AACA;AACA,SAASC,kBAAkBA,CAACT,MAAM,EAAEU,UAAU,EAAkB;EAAA,IAAhBC,SAAS,GAAAhC,SAAA,CAAAC,MAAA,QAAAD,SAAA,QAAAE,SAAA,GAAAF,SAAA,MAAG,EAAE;EAC5D,IAAMiC,MAAM,GAAG,EAAE;EACjB,KAAK,IAAI3B,CAAC,GAAG,CAAC,EAAEA,CAAC,GAAG0B,SAAS,EAAE1B,CAAC,EAAE,EAAE;IAClC2B,MAAM,CAAChB,IAAI,CAACS,eAAe,CAACL,MAAM,EAAEU,UAAU,GAAGzB,CAAC,CAAC,CAAC;EACtD;EACA,OAAO2B,MAAM;AACf;AAEAC,MAAM,CAACC,OAAO,GAAG;EACfxB,qBAAqB,EAArBA,qBAAqB;EACrBS,kBAAkB,EAAlBA,kBAAkB;EAClBV,WAAW,EAAXA,WAAW;EACXgB,eAAe,EAAfA,eAAe;EACfI,kBAAkB,EAAlBA,kBAAkB;EAClBvC,eAAe,EAAfA;AACF,CAAC","ignoreList":[]},"all":true}}