TN:
SF:src/client/utils/gameConstants.js
FNF:0
FNH:0
DA:2,1
DA:3,1
DA:6,1
DA:7,1
DA:10,1
DA:18,1
DA:25,1
DA:38,1
DA:47,1
LF:9
LH:9
BRF:0
BRH:0
end_of_record
TN:
SF:src/client/utils/gameHelpers.js
FN:12,(anonymous_0)
FN:21,(anonymous_1)
FN:46,(anonymous_2)
FN:55,(anonymous_3)
FN:64,(anonymous_4)
FN:74,(anonymous_5)
FN:102,(anonymous_6)
FN:127,(anonymous_7)
FN:132,(anonymous_8)
FN:137,(anonymous_9)
FN:142,(anonymous_10)
FN:147,(anonymous_11)
FN:159,(anonymous_12)
FN:161,(anonymous_13)
FN:175,(anonymous_14)
FN:177,(anonymous_15)
FN:188,(anonymous_16)
FNF:17
FNH:15
FNDA:25,(anonymous_0)
FNDA:8,(anonymous_1)
FNDA:6,(anonymous_2)
FNDA:0,(anonymous_3)
FNDA:0,(anonymous_4)
FNDA:6,(anonymous_5)
FNDA:14,(anonymous_6)
FNDA:8,(anonymous_7)
FNDA:8,(anonymous_8)
FNDA:7,(anonymous_9)
FNDA:6,(anonymous_10)
FNDA:5,(anonymous_11)
FNDA:5,(anonymous_12)
FNDA:14,(anonymous_13)
FNDA:4,(anonymous_14)
FNDA:7,(anonymous_15)
FNDA:4,(anonymous_16)
DA:12,1
DA:13,25
DA:21,1
DA:22,8
DA:26,5
DA:27,5
DA:28,5
DA:29,5
DA:31,5
DA:33,5
DA:35,0
DA:36,0
DA:46,1
DA:47,6
DA:48,2
DA:55,1
DA:56,0
DA:57,0
DA:64,1
DA:65,0
DA:74,1
DA:75,6
DA:77,6
DA:78,2
DA:84,4
DA:85,1
DA:91,3
DA:102,1
DA:103,14
DA:105,14
DA:106,2
DA:112,12
DA:127,1
DA:128,8
DA:131,8
DA:132,8
DA:136,8
DA:137,7
DA:141,8
DA:142,6
DA:146,8
DA:147,5
DA:150,8
DA:159,1
DA:160,5
DA:161,5
DA:162,14
DA:163,7
DA:166,5
DA:175,1
DA:176,4
DA:177,4
DA:178,7
DA:180,4
DA:188,1
DA:189,4
LF:56
LH:51
BRDA:22,0,0,3
BRDA:22,0,1,5
BRDA:27,1,0,5
BRDA:27,1,1,0
BRDA:47,2,0,4
BRDA:47,2,1,2
BRDA:47,3,0,6
BRDA:47,3,1,4
BRDA:56,4,0,0
BRDA:56,4,1,0
BRDA:74,5,0,4
BRDA:77,6,0,2
BRDA:77,6,1,4
BRDA:84,7,0,1
BRDA:84,7,1,3
BRDA:105,8,0,2
BRDA:105,8,1,12
BRDA:131,9,0,5
BRDA:131,9,1,3
BRDA:132,10,0,5
BRDA:132,10,1,3
BRDA:136,11,0,3
BRDA:136,11,1,5
BRDA:136,12,0,8
BRDA:136,12,1,6
BRDA:137,13,0,3
BRDA:137,13,1,1
BRDA:141,14,0,2
BRDA:141,14,1,6
BRDA:141,15,0,8
BRDA:141,15,1,4
BRDA:142,16,0,2
BRDA:142,16,1,1
BRDA:146,17,0,2
BRDA:146,17,1,6
BRDA:146,18,0,8
BRDA:146,18,1,3
BRDA:146,18,2,3
BRDA:147,19,0,2
BRDA:147,19,1,1
BRDA:162,20,0,7
BRDA:162,20,1,7
BRDA:162,21,0,14
BRDA:162,21,1,11
BRDA:191,22,0,3
BRDA:191,22,1,1
BRDA:192,23,0,3
BRDA:192,23,1,1
BRDA:193,24,0,3
BRDA:193,24,1,1
BRF:50
BRH:47
end_of_record
TN:
SF:src/client/utils/gameLogic.js
FN:6,createEmptyBoard
FN:7,(anonymous_1)
FN:10,checkCollision
FN:30,rotatePiece
FN:38,movePiece
FN:50,placePiece
FN:51,(anonymous_6)
FN:66,clearLines
FN:69,(anonymous_8)
FN:74,(anonymous_9)
FN:75,(anonymous_10)
FN:76,(anonymous_11)
FN:89,clearLinesWithGravity
FN:96,addPenaltyLines
FN:97,(anonymous_14)
FN:100,(anonymous_15)
FN:108,generateSpectrum
FN:127,calculateShadowPosition
FN:139,getBoardWithPieceAndShadow
FN:140,(anonymous_19)
FN:180,mulberry32
FN:181,(anonymous_21)
FN:190,shuffle
FN:200,shuffleBag
FN:211,createPieceSequence
FN:228,getNextPiece
FNF:26
FNH:20
FNDA:18,createEmptyBoard
FNDA:360,(anonymous_1)
FNDA:7,checkCollision
FNDA:1,rotatePiece
FNDA:3,movePiece
FNDA:2,placePiece
FNDA:40,(anonymous_6)
FNDA:2,clearLines
FNDA:40,(anonymous_8)
FNDA:49,(anonymous_9)
FNDA:400,(anonymous_10)
FNDA:49,(anonymous_11)
FNDA:0,clearLinesWithGravity
FNDA:2,addPenaltyLines
FNDA:0,(anonymous_14)
FNDA:37,(anonymous_15)
FNDA:2,generateSpectrum
FNDA:0,calculateShadowPosition
FNDA:2,getBoardWithPieceAndShadow
FNDA:0,(anonymous_19)
FNDA:0,mulberry32
FNDA:0,(anonymous_21)
FNDA:4,shuffle
FNDA:4,shuffleBag
FNDA:3,createPieceSequence
FNDA:2,getNextPiece
DA:3,1
DA:4,1
DA:7,360
DA:11,7
DA:12,0
DA:13,0
DA:14,0
DA:15,0
DA:16,0
DA:22,0
DA:27,7
DA:31,1
DA:32,1
DA:33,1
DA:35,0
DA:39,3
DA:40,3
DA:41,3
DA:42,3
DA:43,3
DA:44,3
DA:45,3
DA:47,0
DA:51,40
DA:52,2
DA:53,0
DA:54,0
DA:55,0
DA:56,0
DA:57,0
DA:58,0
DA:63,2
DA:69,2
DA:74,49
DA:75,400
DA:76,49
DA:78,40
DA:81,2
DA:82,2
DA:83,1
DA:85,2
DA:91,0
DA:97,2
DA:98,2
DA:99,2
DA:100,37
DA:101,2
DA:102,3
DA:104,2
DA:109,2
DA:110,2
DA:111,2
DA:112,2
DA:113,20
DA:114,20
DA:115,399
DA:116,1
DA:117,1
DA:118,1
DA:121,20
DA:123,2
DA:128,0
DA:131,0
DA:132,0
DA:135,0
DA:140,2
DA:141,0
DA:144,0
DA:145,0
DA:146,0
DA:147,0
DA:148,0
DA:149,0
DA:150,0
DA:151,0
DA:152,0
DA:161,0
DA:162,0
DA:163,0
DA:164,0
DA:165,0
DA:166,0
DA:167,0
DA:173,0
DA:177,1
DA:181,0
DA:182,0
DA:183,0
DA:184,0
DA:185,0
DA:191,4
DA:192,4
DA:193,24
DA:194,24
DA:196,4
DA:201,4
DA:202,4
DA:212,3
DA:213,3
DA:214,3
DA:216,4
DA:217,4
DA:219,3
DA:229,2
LF:104
LH:62
BRDA:13,0,0,0
BRDA:13,0,1,0
BRDA:16,1,0,0
BRDA:16,1,1,0
BRDA:17,2,0,0
BRDA:17,2,1,0
BRDA:17,2,2,0
BRDA:17,2,3,0
BRDA:17,2,4,0
BRDA:17,2,5,0
BRDA:32,3,0,1
BRDA:32,3,1,0
BRDA:41,4,0,1
BRDA:41,4,1,2
BRDA:42,5,0,1
BRDA:42,5,1,2
BRDA:43,6,0,1
BRDA:43,6,1,2
BRDA:44,7,0,3
BRDA:44,7,1,0
BRDA:54,8,0,0
BRDA:54,8,1,0
BRDA:57,9,0,0
BRDA:57,9,1,0
BRDA:57,10,0,0
BRDA:57,10,1,0
BRDA:57,10,2,0
BRDA:57,10,3,0
BRDA:76,11,0,49
BRDA:76,11,1,10
BRDA:78,12,0,40
BRDA:78,12,1,1
BRDA:78,12,2,1
BRDA:97,13,0,0
BRDA:97,13,1,2
BRDA:115,14,0,1
BRDA:115,14,1,398
BRDA:121,15,0,19
BRDA:121,15,1,1
BRDA:144,16,0,0
BRDA:144,16,1,0
BRDA:147,17,0,0
BRDA:147,17,1,0
BRDA:150,18,0,0
BRDA:150,18,1,0
BRDA:150,19,0,0
BRDA:150,19,1,0
BRDA:150,19,2,0
BRDA:150,19,3,0
BRDA:151,20,0,0
BRDA:151,20,1,0
BRDA:163,21,0,0
BRDA:163,21,1,0
BRDA:166,22,0,0
BRDA:166,22,1,0
BRDA:166,23,0,0
BRDA:166,23,1,0
BRDA:166,23,2,0
BRDA:166,23,3,0
BRDA:190,24,0,0
BRDA:201,25,0,0
BRDA:201,25,1,4
BRDA:216,26,0,0
BRDA:216,26,1,4
BRF:64
BRH:20
end_of_record
TN:
SF:src/client/utils/tetrominos.js
FN:64,rotate
FN:68,(anonymous_1)
FN:68,(anonymous_2)
FN:72,randomTetromino
FN:80,getTetromino
FNF:5
FNH:5
FNDA:28,rotate
FNDA:75,(anonymous_1)
FNDA:229,(anonymous_2)
FNDA:132,randomTetromino
FNDA:22,getTetromino
DA:2,2
DA:41,2
DA:53,2
DA:65,28
DA:66,2
DA:68,229
DA:73,132
DA:74,132
DA:75,132
DA:82,22
DA:83,3
DA:91,19
LF:12
LH:12
BRDA:65,0,0,2
BRDA:65,0,1,26
BRDA:65,1,0,28
BRDA:65,1,1,28
BRDA:65,1,2,26
BRDA:82,2,0,3
BRDA:82,2,1,19
BRDA:82,3,0,22
BRDA:82,3,1,20
BRF:9
BRH:9
end_of_record
TN:
SF:src/server/models/Room.js
FN:3,(anonymous_0)
FN:14,(anonymous_1)
FN:24,(anonymous_2)
FN:25,(anonymous_3)
FN:35,(anonymous_4)
FN:36,(anonymous_5)
FN:43,(anonymous_6)
FN:47,(anonymous_7)
FNF:8
FNH:8
FNDA:32,(anonymous_0)
FNDA:44,(anonymous_1)
FNDA:8,(anonymous_2)
FNDA:7,(anonymous_3)
FNDA:5,(anonymous_4)
FNDA:7,(anonymous_5)
FNDA:6,(anonymous_6)
FNDA:10,(anonymous_7)
DA:4,32
DA:5,3
DA:7,29
DA:8,29
DA:9,29
DA:10,29
DA:11,29
DA:15,44
DA:16,4
DA:18,40
DA:19,40
DA:20,17
DA:25,8
DA:26,8
DA:27,2
DA:29,6
DA:30,6
DA:31,4
DA:36,7
DA:37,3
DA:39,2
DA:44,6
DA:48,10
LF:23
LH:23
BRDA:3,0,0,31
BRDA:3,1,0,31
BRDA:3,2,0,31
BRDA:4,3,0,3
BRDA:4,3,1,29
BRDA:4,4,0,32
BRDA:4,4,1,30
BRDA:15,5,0,4
BRDA:15,5,1,40
BRDA:15,6,0,44
BRDA:15,6,1,42
BRDA:15,6,2,41
BRDA:19,7,0,17
BRDA:19,7,1,23
BRDA:26,8,0,2
BRDA:26,8,1,6
BRDA:30,9,0,4
BRDA:30,9,1,2
BRDA:31,10,0,1
BRDA:31,10,1,3
BRDA:36,11,0,3
BRDA:36,11,1,2
BRDA:47,12,0,5
BRF:23
BRH:23
end_of_record
TN:
SF:src/server/utils/pieceGenerator.js
FN:5,mulberry32
FN:6,(anonymous_1)
FN:15,shuffle
FN:25,generateBag
FN:36,generatePieceSequence
FN:56,createGameSequence
FN:78,getPieceAtIndex
FN:104,generatePieceBatch
FNF:8
FNH:8
FNDA:384,mulberry32
FNDA:2304,(anonymous_1)
FNDA:387,shuffle
FNDA:387,generateBag
FNDA:22,generatePieceSequence
FNDA:12,createGameSequence
FNDA:272,getPieceAtIndex
FNDA:17,generatePieceBatch
DA:2,1
DA:6,384
DA:7,2304
DA:8,2304
DA:9,2304
DA:10,2304
DA:16,387
DA:17,387
DA:18,2322
DA:19,2322
DA:21,387
DA:26,387
DA:27,387
DA:37,22
DA:38,22
DA:40,22
DA:42,108
DA:43,108
DA:44,108
DA:47,22
DA:58,12
DA:59,12
DA:60,93
DA:65,12
DA:66,12
DA:68,12
DA:80,272
DA:81,272
DA:84,272
DA:85,272
DA:86,2264
DA:89,272
DA:90,272
DA:93,272
DA:94,272
DA:105,17
DA:106,17
DA:107,218
DA:109,17
DA:112,1
LF:40
LH:40
BRDA:15,0,0,0
BRDA:26,1,0,384
BRDA:26,1,1,3
BRDA:42,2,0,108
BRDA:42,2,1,0
BRDA:56,3,0,1
BRDA:104,4,0,1
BRF:7
BRH:5
end_of_record
